Analysis & Synthesis report for matriz
Sun Jan  8 23:38:53 2023
Quartus Prime Version 21.1.1 Build 850 06/23/2022 SJ Lite Edition


---------------------
; Table of Contents ;
---------------------
  1. Legal Notice
  2. Analysis & Synthesis Summary
  3. Analysis & Synthesis Settings
  4. Parallel Compilation
  5. Analysis & Synthesis Source Files Read
  6. Analysis & Synthesis Resource Usage Summary
  7. Analysis & Synthesis Resource Utilization by Entity
  8. Registers Removed During Synthesis
  9. General Register Statistics
 10. Inverted Register Statistics
 11. Multiplexer Restructuring Statistics (Restructuring Performed)
 12. Port Connectivity Checks: "matrizRGB:inst|debounce_dir:deb1"
 13. Post-Synthesis Netlist Statistics for Top Partition
 14. Elapsed Time Per Partition
 15. Analysis & Synthesis Messages



----------------
; Legal Notice ;
----------------
Copyright (C) 2022  Intel Corporation. All rights reserved.
Your use of Intel Corporation's design tools, logic functions 
and other software and tools, and any partner logic 
functions, and any output files from any of the foregoing 
(including device programming or simulation files), and any 
associated documentation or information are expressly subject 
to the terms and conditions of the Intel Program License 
Subscription Agreement, the Intel Quartus Prime License Agreement,
the Intel FPGA IP License Agreement, or other applicable license
agreement, including, without limitation, that your use is for
the sole purpose of programming logic devices manufactured by
Intel and sold by Intel or its authorized distributors.  Please
refer to the applicable agreement for further details, at
https://fpgasoftware.intel.com/eula.



+----------------------------------------------------------------------------------+
; Analysis & Synthesis Summary                                                     ;
+------------------------------------+---------------------------------------------+
; Analysis & Synthesis Status        ; Successful - Sun Jan  8 23:38:53 2023       ;
; Quartus Prime Version              ; 21.1.1 Build 850 06/23/2022 SJ Lite Edition ;
; Revision Name                      ; matriz                                      ;
; Top-level Entity Name              ; matriz                                      ;
; Family                             ; Cyclone IV E                                ;
; Total logic elements               ; 88                                          ;
;     Total combinational functions  ; 83                                          ;
;     Dedicated logic registers      ; 59                                          ;
; Total registers                    ; 59                                          ;
; Total pins                         ; 38                                          ;
; Total virtual pins                 ; 0                                           ;
; Total memory bits                  ; 0                                           ;
; Embedded Multiplier 9-bit elements ; 0                                           ;
; Total PLLs                         ; 0                                           ;
+------------------------------------+---------------------------------------------+


+------------------------------------------------------------------------------------------------------------+
; Analysis & Synthesis Settings                                                                              ;
+------------------------------------------------------------------+--------------------+--------------------+
; Option                                                           ; Setting            ; Default Value      ;
+------------------------------------------------------------------+--------------------+--------------------+
; Device                                                           ; EP4CE6E22C8        ;                    ;
; Top-level entity name                                            ; matriz             ; matriz             ;
; Family name                                                      ; Cyclone IV E       ; Cyclone V          ;
; Maximum processors allowed for parallel compilation              ; All                ;                    ;
; Use smart compilation                                            ; Off                ; Off                ;
; Enable parallel Assembler and Timing Analyzer during compilation ; On                 ; On                 ;
; Enable compact report table                                      ; Off                ; Off                ;
; Restructure Multiplexers                                         ; Auto               ; Auto               ;
; Create Debugging Nodes for IP Cores                              ; Off                ; Off                ;
; Preserve fewer node names                                        ; On                 ; On                 ;
; Intel FPGA IP Evaluation Mode                                    ; Enable             ; Enable             ;
; Verilog Version                                                  ; Verilog_2001       ; Verilog_2001       ;
; VHDL Version                                                     ; VHDL_1993          ; VHDL_1993          ;
; State Machine Processing                                         ; Auto               ; Auto               ;
; Safe State Machine                                               ; Off                ; Off                ;
; Extract Verilog State Machines                                   ; On                 ; On                 ;
; Extract VHDL State Machines                                      ; On                 ; On                 ;
; Ignore Verilog initial constructs                                ; Off                ; Off                ;
; Iteration limit for constant Verilog loops                       ; 5000               ; 5000               ;
; Iteration limit for non-constant Verilog loops                   ; 250                ; 250                ;
; Add Pass-Through Logic to Inferred RAMs                          ; On                 ; On                 ;
; Infer RAMs from Raw Logic                                        ; On                 ; On                 ;
; Parallel Synthesis                                               ; On                 ; On                 ;
; DSP Block Balancing                                              ; Auto               ; Auto               ;
; NOT Gate Push-Back                                               ; On                 ; On                 ;
; Power-Up Don't Care                                              ; On                 ; On                 ;
; Remove Redundant Logic Cells                                     ; Off                ; Off                ;
; Remove Duplicate Registers                                       ; On                 ; On                 ;
; Ignore CARRY Buffers                                             ; Off                ; Off                ;
; Ignore CASCADE Buffers                                           ; Off                ; Off                ;
; Ignore GLOBAL Buffers                                            ; Off                ; Off                ;
; Ignore ROW GLOBAL Buffers                                        ; Off                ; Off                ;
; Ignore LCELL Buffers                                             ; Off                ; Off                ;
; Ignore SOFT Buffers                                              ; On                 ; On                 ;
; Limit AHDL Integers to 32 Bits                                   ; Off                ; Off                ;
; Optimization Technique                                           ; Balanced           ; Balanced           ;
; Carry Chain Length                                               ; 70                 ; 70                 ;
; Auto Carry Chains                                                ; On                 ; On                 ;
; Auto Open-Drain Pins                                             ; On                 ; On                 ;
; Perform WYSIWYG Primitive Resynthesis                            ; Off                ; Off                ;
; Auto ROM Replacement                                             ; On                 ; On                 ;
; Auto RAM Replacement                                             ; On                 ; On                 ;
; Auto DSP Block Replacement                                       ; On                 ; On                 ;
; Auto Shift Register Replacement                                  ; Auto               ; Auto               ;
; Allow Shift Register Merging across Hierarchies                  ; Auto               ; Auto               ;
; Auto Clock Enable Replacement                                    ; On                 ; On                 ;
; Strict RAM Replacement                                           ; Off                ; Off                ;
; Allow Synchronous Control Signals                                ; On                 ; On                 ;
; Force Use of Synchronous Clear Signals                           ; Off                ; Off                ;
; Auto RAM Block Balancing                                         ; On                 ; On                 ;
; Auto RAM to Logic Cell Conversion                                ; Off                ; Off                ;
; Auto Resource Sharing                                            ; Off                ; Off                ;
; Allow Any RAM Size For Recognition                               ; Off                ; Off                ;
; Allow Any ROM Size For Recognition                               ; Off                ; Off                ;
; Allow Any Shift Register Size For Recognition                    ; Off                ; Off                ;
; Use LogicLock Constraints during Resource Balancing              ; On                 ; On                 ;
; Ignore translate_off and synthesis_off directives                ; Off                ; Off                ;
; Timing-Driven Synthesis                                          ; On                 ; On                 ;
; Report Parameter Settings                                        ; On                 ; On                 ;
; Report Source Assignments                                        ; On                 ; On                 ;
; Report Connectivity Checks                                       ; On                 ; On                 ;
; Ignore Maximum Fan-Out Assignments                               ; Off                ; Off                ;
; Synchronization Register Chain Length                            ; 2                  ; 2                  ;
; Power Optimization During Synthesis                              ; Normal compilation ; Normal compilation ;
; HDL message level                                                ; Level2             ; Level2             ;
; Suppress Register Optimization Related Messages                  ; Off                ; Off                ;
; Number of Removed Registers Reported in Synthesis Report         ; 5000               ; 5000               ;
; Number of Swept Nodes Reported in Synthesis Report               ; 5000               ; 5000               ;
; Number of Inverted Registers Reported in Synthesis Report        ; 100                ; 100                ;
; Clock MUX Protection                                             ; On                 ; On                 ;
; Auto Gated Clock Conversion                                      ; Off                ; Off                ;
; Block Design Naming                                              ; Auto               ; Auto               ;
; SDC constraint protection                                        ; Off                ; Off                ;
; Synthesis Effort                                                 ; Auto               ; Auto               ;
; Shift Register Replacement - Allow Asynchronous Clear Signal     ; On                 ; On                 ;
; Pre-Mapping Resynthesis Optimization                             ; Off                ; Off                ;
; Analysis & Synthesis Message Level                               ; Medium             ; Medium             ;
; Disable Register Merging Across Hierarchies                      ; Auto               ; Auto               ;
; Resource Aware Inference For Block RAM                           ; On                 ; On                 ;
+------------------------------------------------------------------+--------------------+--------------------+


+------------------------------------------+
; Parallel Compilation                     ;
+----------------------------+-------------+
; Processors                 ; Number      ;
+----------------------------+-------------+
; Number detected on machine ; 16          ;
; Maximum allowed            ; 16          ;
;                            ;             ;
; Average used               ; 1.00        ;
; Maximum used               ; 16          ;
;                            ;             ;
; Usage by Processor         ; % Time Used ;
;     Processor 1            ; 100.0%      ;
;     Processors 2-16        ;   0.0%      ;
+----------------------------+-------------+


+------------------------------------------------------------------------------------------------------------------------------------------------------------------------------------------------------------------------------------------------+
; Analysis & Synthesis Source Files Read                                                                                                                                                                                                         ;
+----------------------------------+-----------------+------------------------------------+--------------------------------------------------------------------------------------------------------------------------------------------+---------+
; File Name with User-Entered Path ; Used in Netlist ; File Type                          ; File Name with Absolute Path                                                                                                               ; Library ;
+----------------------------------+-----------------+------------------------------------+--------------------------------------------------------------------------------------------------------------------------------------------+---------+
; debounce_dir.vhd                 ; yes             ; User VHDL File                     ; C:/Users/Angel/Documents/Documentos de ESCOM/5to Semestre/Arquitectura de Computadoras/ArquitecturaComputadoras/matrizRGB/debounce_dir.vhd ;         ;
; divisor.vhd                      ; yes             ; User VHDL File                     ; C:/Users/Angel/Documents/Documentos de ESCOM/5to Semestre/Arquitectura de Computadoras/ArquitecturaComputadoras/matrizRGB/divisor.vhd      ;         ;
; matrizRGB.vhd                    ; yes             ; User VHDL File                     ; C:/Users/Angel/Documents/Documentos de ESCOM/5to Semestre/Arquitectura de Computadoras/ArquitecturaComputadoras/matrizRGB/matrizRGB.vhd    ;         ;
; matriz.bdf                       ; yes             ; User Block Diagram/Schematic File  ; C:/Users/Angel/Documents/Documentos de ESCOM/5to Semestre/Arquitectura de Computadoras/ArquitecturaComputadoras/matrizRGB/matriz.bdf       ;         ;
+----------------------------------+-----------------+------------------------------------+--------------------------------------------------------------------------------------------------------------------------------------------+---------+


+---------------------------------------------------------------------------+
; Analysis & Synthesis Resource Usage Summary                               ;
+---------------------------------------------+-----------------------------+
; Resource                                    ; Usage                       ;
+---------------------------------------------+-----------------------------+
; Estimated Total logic elements              ; 88                          ;
;                                             ;                             ;
; Total combinational functions               ; 83                          ;
; Logic element usage by number of LUT inputs ;                             ;
;     -- 4 input functions                    ; 14                          ;
;     -- 3 input functions                    ; 17                          ;
;     -- <=2 input functions                  ; 52                          ;
;                                             ;                             ;
; Logic elements by mode                      ;                             ;
;     -- normal mode                          ; 46                          ;
;     -- arithmetic mode                      ; 37                          ;
;                                             ;                             ;
; Total registers                             ; 59                          ;
;     -- Dedicated logic registers            ; 59                          ;
;     -- I/O registers                        ; 0                           ;
;                                             ;                             ;
; I/O pins                                    ; 38                          ;
;                                             ;                             ;
; Embedded Multiplier 9-bit elements          ; 0                           ;
;                                             ;                             ;
; Maximum fan-out node                        ; frecuencia_5Hz:inst1|salida ;
; Maximum fan-out                             ; 33                          ;
; Total fan-out                               ; 407                         ;
; Average fan-out                             ; 1.87                        ;
+---------------------------------------------+-----------------------------+


+----------------------------------------------------------------------------------------------------------------------------------------------------------------------------------------------------------------------------------+
; Analysis & Synthesis Resource Utilization by Entity                                                                                                                                                                              ;
+----------------------------+---------------------+---------------------------+-------------+--------------+---------+-----------+------+--------------+------------------------------------------+----------------+--------------+
; Compilation Hierarchy Node ; Combinational ALUTs ; Dedicated Logic Registers ; Memory Bits ; DSP Elements ; DSP 9x9 ; DSP 18x18 ; Pins ; Virtual Pins ; Full Hierarchy Name                      ; Entity Name    ; Library Name ;
+----------------------------+---------------------+---------------------------+-------------+--------------+---------+-----------+------+--------------+------------------------------------------+----------------+--------------+
; |matriz                    ; 83 (0)              ; 59 (0)                    ; 0           ; 0            ; 0       ; 0         ; 38   ; 0            ; |matriz                                  ; matriz         ; work         ;
;    |frecuencia_5Hz:inst1|  ; 41 (41)             ; 27 (27)                   ; 0           ; 0            ; 0       ; 0         ; 0    ; 0            ; |matriz|frecuencia_5Hz:inst1             ; frecuencia_5Hz ; work         ;
;    |matrizRGB:inst|        ; 42 (13)             ; 32 (16)                   ; 0           ; 0            ; 0       ; 0         ; 0    ; 0            ; |matriz|matrizRGB:inst                   ; matrizRGB      ; work         ;
;       |debounce_dir:deb1|  ; 29 (29)             ; 16 (16)                   ; 0           ; 0            ; 0       ; 0         ; 0    ; 0            ; |matriz|matrizRGB:inst|debounce_dir:deb1 ; debounce_dir   ; work         ;
+----------------------------+---------------------+---------------------------+-------------+--------------+---------+-----------+------+--------------+------------------------------------------+----------------+--------------+
Note: For table entries with two numbers listed, the numbers in parentheses indicate the number of resources of the given type used by the specific entity alone. The numbers listed outside of parentheses indicate the total resources of the given type used by the specific entity and all of its sub-entities in the hierarchy.


+---------------------------------------------------------------------------------+
; Registers Removed During Synthesis                                              ;
+----------------------------------------+----------------------------------------+
; Register name                          ; Reason for Removal                     ;
+----------------------------------------+----------------------------------------+
; matrizRGB:inst|B_aux[1..7]             ; Stuck at VCC due to stuck port data_in ;
; matrizRGB:inst|G_aux[2..7]             ; Stuck at VCC due to stuck port data_in ;
; matrizRGB:inst|R_aux[1..7]             ; Stuck at VCC due to stuck port data_in ;
; matrizRGB:inst|f_aux[2..7]             ; Stuck at GND due to stuck port data_in ;
; Total Number of Removed Registers = 26 ;                                        ;
+----------------------------------------+----------------------------------------+


+------------------------------------------------------+
; General Register Statistics                          ;
+----------------------------------------------+-------+
; Statistic                                    ; Value ;
+----------------------------------------------+-------+
; Total registers                              ; 59    ;
; Number of registers using Synchronous Clear  ; 0     ;
; Number of registers using Synchronous Load   ; 0     ;
; Number of registers using Asynchronous Clear ; 27    ;
; Number of registers using Asynchronous Load  ; 0     ;
; Number of registers using Clock Enable       ; 15    ;
; Number of registers using Preset             ; 0     ;
+----------------------------------------------+-------+


+--------------------------------------------------+
; Inverted Register Statistics                     ;
+----------------------------------------+---------+
; Inverted Register                      ; Fan out ;
+----------------------------------------+---------+
; matrizRGB:inst|f_aux[0]                ; 1       ;
; matrizRGB:inst|G_aux[1]                ; 1       ;
; matrizRGB:inst|player1[8]              ; 10      ;
; Total number of inverted registers = 3 ;         ;
+----------------------------------------+---------+


+-------------------------------------------------------------------------------------------------------------------------------------------------+
; Multiplexer Restructuring Statistics (Restructuring Performed)                                                                                  ;
+--------------------+-----------+---------------+----------------------+------------------------+------------+-----------------------------------+
; Multiplexer Inputs ; Bus Width ; Baseline Area ; Area if Restructured ; Saving if Restructured ; Registered ; Example Multiplexer Output        ;
+--------------------+-----------+---------------+----------------------+------------------------+------------+-----------------------------------+
; 3:1                ; 8 bits    ; 16 LEs        ; 8 LEs                ; 8 LEs                  ; Yes        ; |matriz|matrizRGB:inst|player1[7] ;
+--------------------+-----------+---------------+----------------------+------------------------+------------+-----------------------------------+


+----------------------------------------------------------------------------------------------------------------+
; Port Connectivity Checks: "matrizRGB:inst|debounce_dir:deb1"                                                   ;
+------+--------+----------+-------------------------------------------------------------------------------------+
; Port ; Type   ; Severity ; Details                                                                             ;
+------+--------+----------+-------------------------------------------------------------------------------------+
; s1   ; Output ; Info     ; Connected to dangling logic. Logic that only feeds a dangling port will be removed. ;
; s2   ; Output ; Info     ; Connected to dangling logic. Logic that only feeds a dangling port will be removed. ;
; s5   ; Output ; Info     ; Connected to dangling logic. Logic that only feeds a dangling port will be removed. ;
+------+--------+----------+-------------------------------------------------------------------------------------+


+-----------------------------------------------------+
; Post-Synthesis Netlist Statistics for Top Partition ;
+-----------------------+-----------------------------+
; Type                  ; Count                       ;
+-----------------------+-----------------------------+
; boundary_port         ; 38                          ;
; cycloneiii_ff         ; 59                          ;
;     CLR               ; 27                          ;
;     ENA               ; 15                          ;
;     plain             ; 17                          ;
; cycloneiii_lcell_comb ; 87                          ;
;     arith             ; 37                          ;
;         2 data inputs ; 37                          ;
;     normal            ; 50                          ;
;         0 data inputs ; 2                           ;
;         1 data inputs ; 6                           ;
;         2 data inputs ; 11                          ;
;         3 data inputs ; 17                          ;
;         4 data inputs ; 14                          ;
;                       ;                             ;
; Max LUT depth         ; 3.50                        ;
; Average LUT depth     ; 2.48                        ;
+-----------------------+-----------------------------+


+-------------------------------+
; Elapsed Time Per Partition    ;
+----------------+--------------+
; Partition Name ; Elapsed Time ;
+----------------+--------------+
; Top            ; 00:00:00     ;
+----------------+--------------+


+-------------------------------+
; Analysis & Synthesis Messages ;
+-------------------------------+
Info: *******************************************************************
Info: Running Quartus Prime Analysis & Synthesis
    Info: Version 21.1.1 Build 850 06/23/2022 SJ Lite Edition
    Info: Processing started: Sun Jan  8 23:38:47 2023
Info: Command: quartus_map --read_settings_files=on --write_settings_files=off matriz -c matriz
Info (20030): Parallel compilation is enabled and will use 16 of the 16 processors detected
Info (12021): Found 2 design units, including 1 entities, in source file debounce_dir.vhd
    Info (12022): Found design unit 1: debounce_dir-bhr File: C:/Users/Angel/Documents/Documentos de ESCOM/5to Semestre/Arquitectura de Computadoras/ArquitecturaComputadoras/matrizRGB/debounce_dir.vhd Line: 12
    Info (12023): Found entity 1: debounce_dir File: C:/Users/Angel/Documents/Documentos de ESCOM/5to Semestre/Arquitectura de Computadoras/ArquitecturaComputadoras/matrizRGB/debounce_dir.vhd Line: 4
Info (12021): Found 2 design units, including 1 entities, in source file divisor.vhd
    Info (12022): Found design unit 1: frecuencia_5Hz-Contador File: C:/Users/Angel/Documents/Documentos de ESCOM/5to Semestre/Arquitectura de Computadoras/ArquitecturaComputadoras/matrizRGB/divisor.vhd Line: 13
    Info (12023): Found entity 1: frecuencia_5Hz File: C:/Users/Angel/Documents/Documentos de ESCOM/5to Semestre/Arquitectura de Computadoras/ArquitecturaComputadoras/matrizRGB/divisor.vhd Line: 4
Info (12021): Found 2 design units, including 1 entities, in source file matrizrgb.vhd
    Info (12022): Found design unit 1: matrizRGB-bhr File: C:/Users/Angel/Documents/Documentos de ESCOM/5to Semestre/Arquitectura de Computadoras/ArquitecturaComputadoras/matrizRGB/matrizRGB.vhd Line: 17
    Info (12023): Found entity 1: matrizRGB File: C:/Users/Angel/Documents/Documentos de ESCOM/5to Semestre/Arquitectura de Computadoras/ArquitecturaComputadoras/matrizRGB/matrizRGB.vhd Line: 7
Info (12021): Found 1 design units, including 1 entities, in source file matriz.bdf
    Info (12023): Found entity 1: matriz
Info (12127): Elaborating entity "matriz" for the top level hierarchy
Info (12128): Elaborating entity "matrizRGB" for hierarchy "matrizRGB:inst"
Warning (10036): Verilog HDL or VHDL warning at matrizRGB.vhd(25): object "upD" assigned a value but never read File: C:/Users/Angel/Documents/Documentos de ESCOM/5to Semestre/Arquitectura de Computadoras/ArquitecturaComputadoras/matrizRGB/matrizRGB.vhd Line: 25
Warning (10036): Verilog HDL or VHDL warning at matrizRGB.vhd(25): object "downD" assigned a value but never read File: C:/Users/Angel/Documents/Documentos de ESCOM/5to Semestre/Arquitectura de Computadoras/ArquitecturaComputadoras/matrizRGB/matrizRGB.vhd Line: 25
Warning (10036): Verilog HDL or VHDL warning at matrizRGB.vhd(25): object "putD" assigned a value but never read File: C:/Users/Angel/Documents/Documentos de ESCOM/5to Semestre/Arquitectura de Computadoras/ArquitecturaComputadoras/matrizRGB/matrizRGB.vhd Line: 25
Info (12128): Elaborating entity "debounce_dir" for hierarchy "matrizRGB:inst|debounce_dir:deb1" File: C:/Users/Angel/Documents/Documentos de ESCOM/5to Semestre/Arquitectura de Computadoras/ArquitecturaComputadoras/matrizRGB/matrizRGB.vhd Line: 90
Info (12128): Elaborating entity "frecuencia_5Hz" for hierarchy "frecuencia_5Hz:inst1"
Warning (13024): Output pins are stuck at VCC or GND
    Warning (13410): Pin "B[7]" is stuck at VCC
    Warning (13410): Pin "B[6]" is stuck at VCC
    Warning (13410): Pin "B[5]" is stuck at VCC
    Warning (13410): Pin "B[4]" is stuck at VCC
    Warning (13410): Pin "B[3]" is stuck at VCC
    Warning (13410): Pin "B[2]" is stuck at VCC
    Warning (13410): Pin "B[1]" is stuck at VCC
    Warning (13410): Pin "filas[7]" is stuck at GND
    Warning (13410): Pin "filas[6]" is stuck at GND
    Warning (13410): Pin "filas[5]" is stuck at GND
    Warning (13410): Pin "filas[4]" is stuck at GND
    Warning (13410): Pin "filas[3]" is stuck at GND
    Warning (13410): Pin "filas[2]" is stuck at GND
    Warning (13410): Pin "G[7]" is stuck at VCC
    Warning (13410): Pin "G[6]" is stuck at VCC
    Warning (13410): Pin "G[5]" is stuck at VCC
    Warning (13410): Pin "G[4]" is stuck at VCC
    Warning (13410): Pin "G[3]" is stuck at VCC
    Warning (13410): Pin "G[2]" is stuck at VCC
    Warning (13410): Pin "R[7]" is stuck at VCC
    Warning (13410): Pin "R[6]" is stuck at VCC
    Warning (13410): Pin "R[5]" is stuck at VCC
    Warning (13410): Pin "R[4]" is stuck at VCC
    Warning (13410): Pin "R[3]" is stuck at VCC
    Warning (13410): Pin "R[2]" is stuck at VCC
    Warning (13410): Pin "R[1]" is stuck at VCC
Info (286030): Timing-Driven Synthesis is running
Info (16010): Generating hard_block partition "hard_block:auto_generated_inst"
    Info (16011): Adding 0 node(s), including 0 DDIO, 0 PLL, 0 transceiver and 0 LCELL
Info (21057): Implemented 126 device resources after synthesis - the final resource count might be different
    Info (21058): Implemented 6 input pins
    Info (21059): Implemented 32 output pins
    Info (21061): Implemented 88 logic cells
Info: Quartus Prime Analysis & Synthesis was successful. 0 errors, 30 warnings
    Info: Peak virtual memory: 4881 megabytes
    Info: Processing ended: Sun Jan  8 23:38:53 2023
    Info: Elapsed time: 00:00:06
    Info: Total CPU time (on all processors): 00:00:07


