Analysis & Synthesis report for practica1alu
Wed Nov  2 23:17:09 2022
Quartus Prime Version 21.1.0 Build 842 10/21/2021 SJ Lite Edition


---------------------
; Table of Contents ;
---------------------
  1. Legal Notice
  2. Analysis & Synthesis Summary
  3. Analysis & Synthesis Settings
  4. Parallel Compilation
  5. Analysis & Synthesis Source Files Read
  6. Analysis & Synthesis Resource Usage Summary
  7. Analysis & Synthesis Resource Utilization by Entity
  8. Registers Removed During Synthesis
  9. Removed Registers Triggering Further Register Optimizations
 10. General Register Statistics
 11. Multiplexer Restructuring Statistics (Restructuring Performed)
 12. Port Connectivity Checks: "unidad_aritmetica:inst|multiplicador:multiplicacion|ten_bit_adder:suma4"
 13. Port Connectivity Checks: "unidad_aritmetica:inst|multiplicador:multiplicacion|ten_bit_adder:suma3"
 14. Port Connectivity Checks: "unidad_aritmetica:inst|multiplicador:multiplicacion|ten_bit_adder:suma2"
 15. Port Connectivity Checks: "unidad_aritmetica:inst|multiplicador:multiplicacion|ten_bit_adder:suma1"
 16. Port Connectivity Checks: "unidad_aritmetica:inst|eight_bit_adder:restador"
 17. Port Connectivity Checks: "unidad_aritmetica:inst|eight_bit_adder:sumador"
 18. Post-Synthesis Netlist Statistics for Top Partition
 19. Elapsed Time Per Partition
 20. Analysis & Synthesis Messages



----------------
; Legal Notice ;
----------------
Copyright (C) 2021  Intel Corporation. All rights reserved.
Your use of Intel Corporation's design tools, logic functions 
and other software and tools, and any partner logic 
functions, and any output files from any of the foregoing 
(including device programming or simulation files), and any 
associated documentation or information are expressly subject 
to the terms and conditions of the Intel Program License 
Subscription Agreement, the Intel Quartus Prime License Agreement,
the Intel FPGA IP License Agreement, or other applicable license
agreement, including, without limitation, that your use is for
the sole purpose of programming logic devices manufactured by
Intel and sold by Intel or its authorized distributors.  Please
refer to the applicable agreement for further details, at
https://fpgasoftware.intel.com/eula.



+----------------------------------------------------------------------------------+
; Analysis & Synthesis Summary                                                     ;
+------------------------------------+---------------------------------------------+
; Analysis & Synthesis Status        ; Successful - Wed Nov  2 23:17:09 2022       ;
; Quartus Prime Version              ; 21.1.0 Build 842 10/21/2021 SJ Lite Edition ;
; Revision Name                      ; practica1alu                                ;
; Top-level Entity Name              ; practica1alu                                ;
; Family                             ; Cyclone IV E                                ;
; Total logic elements               ; 258                                         ;
;     Total combinational functions  ; 258                                         ;
;     Dedicated logic registers      ; 91                                          ;
; Total registers                    ; 91                                          ;
; Total pins                         ; 35                                          ;
; Total virtual pins                 ; 0                                           ;
; Total memory bits                  ; 0                                           ;
; Embedded Multiplier 9-bit elements ; 0                                           ;
; Total PLLs                         ; 0                                           ;
+------------------------------------+---------------------------------------------+


+------------------------------------------------------------------------------------------------------------+
; Analysis & Synthesis Settings                                                                              ;
+------------------------------------------------------------------+--------------------+--------------------+
; Option                                                           ; Setting            ; Default Value      ;
+------------------------------------------------------------------+--------------------+--------------------+
; Device                                                           ; EP4CE6E22C8        ;                    ;
; Top-level entity name                                            ; practica1alu       ; practica1alu       ;
; Family name                                                      ; Cyclone IV E       ; Cyclone V          ;
; Maximum processors allowed for parallel compilation              ; All                ;                    ;
; Use smart compilation                                            ; Off                ; Off                ;
; Enable parallel Assembler and Timing Analyzer during compilation ; On                 ; On                 ;
; Enable compact report table                                      ; Off                ; Off                ;
; Restructure Multiplexers                                         ; Auto               ; Auto               ;
; Create Debugging Nodes for IP Cores                              ; Off                ; Off                ;
; Preserve fewer node names                                        ; On                 ; On                 ;
; Intel FPGA IP Evaluation Mode                                    ; Enable             ; Enable             ;
; Verilog Version                                                  ; Verilog_2001       ; Verilog_2001       ;
; VHDL Version                                                     ; VHDL_1993          ; VHDL_1993          ;
; State Machine Processing                                         ; Auto               ; Auto               ;
; Safe State Machine                                               ; Off                ; Off                ;
; Extract Verilog State Machines                                   ; On                 ; On                 ;
; Extract VHDL State Machines                                      ; On                 ; On                 ;
; Ignore Verilog initial constructs                                ; Off                ; Off                ;
; Iteration limit for constant Verilog loops                       ; 5000               ; 5000               ;
; Iteration limit for non-constant Verilog loops                   ; 250                ; 250                ;
; Add Pass-Through Logic to Inferred RAMs                          ; On                 ; On                 ;
; Infer RAMs from Raw Logic                                        ; On                 ; On                 ;
; Parallel Synthesis                                               ; On                 ; On                 ;
; DSP Block Balancing                                              ; Auto               ; Auto               ;
; NOT Gate Push-Back                                               ; On                 ; On                 ;
; Power-Up Don't Care                                              ; On                 ; On                 ;
; Remove Redundant Logic Cells                                     ; Off                ; Off                ;
; Remove Duplicate Registers                                       ; On                 ; On                 ;
; Ignore CARRY Buffers                                             ; Off                ; Off                ;
; Ignore CASCADE Buffers                                           ; Off                ; Off                ;
; Ignore GLOBAL Buffers                                            ; Off                ; Off                ;
; Ignore ROW GLOBAL Buffers                                        ; Off                ; Off                ;
; Ignore LCELL Buffers                                             ; Off                ; Off                ;
; Ignore SOFT Buffers                                              ; On                 ; On                 ;
; Limit AHDL Integers to 32 Bits                                   ; Off                ; Off                ;
; Optimization Technique                                           ; Balanced           ; Balanced           ;
; Carry Chain Length                                               ; 70                 ; 70                 ;
; Auto Carry Chains                                                ; On                 ; On                 ;
; Auto Open-Drain Pins                                             ; On                 ; On                 ;
; Perform WYSIWYG Primitive Resynthesis                            ; Off                ; Off                ;
; Auto ROM Replacement                                             ; On                 ; On                 ;
; Auto RAM Replacement                                             ; On                 ; On                 ;
; Auto DSP Block Replacement                                       ; On                 ; On                 ;
; Auto Shift Register Replacement                                  ; Auto               ; Auto               ;
; Allow Shift Register Merging across Hierarchies                  ; Auto               ; Auto               ;
; Auto Clock Enable Replacement                                    ; On                 ; On                 ;
; Strict RAM Replacement                                           ; Off                ; Off                ;
; Allow Synchronous Control Signals                                ; On                 ; On                 ;
; Force Use of Synchronous Clear Signals                           ; Off                ; Off                ;
; Auto RAM Block Balancing                                         ; On                 ; On                 ;
; Auto RAM to Logic Cell Conversion                                ; Off                ; Off                ;
; Auto Resource Sharing                                            ; Off                ; Off                ;
; Allow Any RAM Size For Recognition                               ; Off                ; Off                ;
; Allow Any ROM Size For Recognition                               ; Off                ; Off                ;
; Allow Any Shift Register Size For Recognition                    ; Off                ; Off                ;
; Use LogicLock Constraints during Resource Balancing              ; On                 ; On                 ;
; Ignore translate_off and synthesis_off directives                ; Off                ; Off                ;
; Timing-Driven Synthesis                                          ; On                 ; On                 ;
; Report Parameter Settings                                        ; On                 ; On                 ;
; Report Source Assignments                                        ; On                 ; On                 ;
; Report Connectivity Checks                                       ; On                 ; On                 ;
; Ignore Maximum Fan-Out Assignments                               ; Off                ; Off                ;
; Synchronization Register Chain Length                            ; 2                  ; 2                  ;
; Power Optimization During Synthesis                              ; Normal compilation ; Normal compilation ;
; HDL message level                                                ; Level2             ; Level2             ;
; Suppress Register Optimization Related Messages                  ; Off                ; Off                ;
; Number of Removed Registers Reported in Synthesis Report         ; 5000               ; 5000               ;
; Number of Swept Nodes Reported in Synthesis Report               ; 5000               ; 5000               ;
; Number of Inverted Registers Reported in Synthesis Report        ; 100                ; 100                ;
; Clock MUX Protection                                             ; On                 ; On                 ;
; Auto Gated Clock Conversion                                      ; Off                ; Off                ;
; Block Design Naming                                              ; Auto               ; Auto               ;
; SDC constraint protection                                        ; Off                ; Off                ;
; Synthesis Effort                                                 ; Auto               ; Auto               ;
; Shift Register Replacement - Allow Asynchronous Clear Signal     ; On                 ; On                 ;
; Pre-Mapping Resynthesis Optimization                             ; Off                ; Off                ;
; Analysis & Synthesis Message Level                               ; Medium             ; Medium             ;
; Disable Register Merging Across Hierarchies                      ; Auto               ; Auto               ;
; Resource Aware Inference For Block RAM                           ; On                 ; On                 ;
+------------------------------------------------------------------+--------------------+--------------------+


+------------------------------------------+
; Parallel Compilation                     ;
+----------------------------+-------------+
; Processors                 ; Number      ;
+----------------------------+-------------+
; Number detected on machine ; 8           ;
; Maximum allowed            ; 8           ;
;                            ;             ;
; Average used               ; 1.00        ;
; Maximum used               ; 8           ;
;                            ;             ;
; Usage by Processor         ; % Time Used ;
;     Processor 1            ; 100.0%      ;
;     Processor 2            ;   0.0%      ;
;     Processors 3-8         ;   0.0%      ;
+----------------------------+-------------+


+-------------------------------------------------------------------------------------------------------------------------------------------------------------------------------------------------------------------------------------------------------+
; Analysis & Synthesis Source Files Read                                                                                                                                                                                                                ;
+----------------------------------+-----------------+------------------------------------+---------------------------------------------------------------------------------------------------------------------------------------------------+---------+
; File Name with User-Entered Path ; Used in Netlist ; File Type                          ; File Name with Absolute Path                                                                                                                      ; Library ;
+----------------------------------+-----------------+------------------------------------+---------------------------------------------------------------------------------------------------------------------------------------------------+---------+
; divisor.vhd                      ; yes             ; User VHDL File                     ; C:/Users/Angel/Documents/Documentos de ESCOM/5to Semestre/Arquitectura de Computadoras/ArquitecturaComputadoras-1/Practica1/divisor.vhd           ;         ;
; texto.vhd                        ; yes             ; User VHDL File                     ; C:/Users/Angel/Documents/Documentos de ESCOM/5to Semestre/Arquitectura de Computadoras/ArquitecturaComputadoras-1/Practica1/texto.vhd             ;         ;
; letras.vhd                       ; yes             ; User VHDL File                     ; C:/Users/Angel/Documents/Documentos de ESCOM/5to Semestre/Arquitectura de Computadoras/ArquitecturaComputadoras-1/Practica1/letras.vhd            ;         ;
; display.vhd                      ; yes             ; User VHDL File                     ; C:/Users/Angel/Documents/Documentos de ESCOM/5to Semestre/Arquitectura de Computadoras/ArquitecturaComputadoras-1/Practica1/display.vhd           ;         ;
; convertidor.vhd                  ; yes             ; User VHDL File                     ; C:/Users/Angel/Documents/Documentos de ESCOM/5to Semestre/Arquitectura de Computadoras/ArquitecturaComputadoras-1/Practica1/convertidor.vhd       ;         ;
; practica1alu.bdf                 ; yes             ; User Block Diagram/Schematic File  ; C:/Users/Angel/Documents/Documentos de ESCOM/5to Semestre/Arquitectura de Computadoras/ArquitecturaComputadoras-1/Practica1/practica1alu.bdf      ;         ;
; full_adder.vhd                   ; yes             ; User VHDL File                     ; C:/Users/Angel/Documents/Documentos de ESCOM/5to Semestre/Arquitectura de Computadoras/ArquitecturaComputadoras-1/Practica1/full_adder.vhd        ;         ;
; eight_bit_adder.vhd              ; yes             ; User VHDL File                     ; C:/Users/Angel/Documents/Documentos de ESCOM/5to Semestre/Arquitectura de Computadoras/ArquitecturaComputadoras-1/Practica1/eight_bit_adder.vhd   ;         ;
; multiplicador.vhd                ; yes             ; User VHDL File                     ; C:/Users/Angel/Documents/Documentos de ESCOM/5to Semestre/Arquitectura de Computadoras/ArquitecturaComputadoras-1/Practica1/multiplicador.vhd     ;         ;
; ten_bit_adder.vhd                ; yes             ; User VHDL File                     ; C:/Users/Angel/Documents/Documentos de ESCOM/5to Semestre/Arquitectura de Computadoras/ArquitecturaComputadoras-1/Practica1/ten_bit_adder.vhd     ;         ;
; unidad_aritmetica.vhd            ; yes             ; User VHDL File                     ; C:/Users/Angel/Documents/Documentos de ESCOM/5to Semestre/Arquitectura de Computadoras/ArquitecturaComputadoras-1/Practica1/unidad_aritmetica.vhd ;         ;
+----------------------------------+-----------------+------------------------------------+---------------------------------------------------------------------------------------------------------------------------------------------------+---------+


+---------------------------------------------------------------------------+
; Analysis & Synthesis Resource Usage Summary                               ;
+---------------------------------------------+-----------------------------+
; Resource                                    ; Usage                       ;
+---------------------------------------------+-----------------------------+
; Estimated Total logic elements              ; 258                         ;
;                                             ;                             ;
; Total combinational functions               ; 258                         ;
; Logic element usage by number of LUT inputs ;                             ;
;     -- 4 input functions                    ; 148                         ;
;     -- 3 input functions                    ; 35                          ;
;     -- <=2 input functions                  ; 75                          ;
;                                             ;                             ;
; Logic elements by mode                      ;                             ;
;     -- normal mode                          ; 206                         ;
;     -- arithmetic mode                      ; 52                          ;
;                                             ;                             ;
; Total registers                             ; 91                          ;
;     -- Dedicated logic registers            ; 91                          ;
;     -- I/O registers                        ; 0                           ;
;                                             ;                             ;
; I/O pins                                    ; 35                          ;
;                                             ;                             ;
; Embedded Multiplier 9-bit elements          ; 0                           ;
;                                             ;                             ;
; Maximum fan-out node                        ; frecuencia_5Hz:inst3|salida ;
; Maximum fan-out                             ; 65                          ;
; Total fan-out                               ; 1129                        ;
; Average fan-out                             ; 2.69                        ;
+---------------------------------------------+-----------------------------+


+------------------------------------------------------------------------------------------------------------------------------------------------------------------------------------------------------------------------------------------------------------------------------------------------------------------+
; Analysis & Synthesis Resource Utilization by Entity                                                                                                                                                                                                                                                              ;
+--------------------------------------+---------------------+---------------------------+-------------+--------------+---------+-----------+------+--------------+-------------------------------------------------------------------------------------------------------------+-------------------+--------------+
; Compilation Hierarchy Node           ; Combinational ALUTs ; Dedicated Logic Registers ; Memory Bits ; DSP Elements ; DSP 9x9 ; DSP 18x18 ; Pins ; Virtual Pins ; Full Hierarchy Name                                                                                         ; Entity Name       ; Library Name ;
+--------------------------------------+---------------------+---------------------------+-------------+--------------+---------+-----------+------+--------------+-------------------------------------------------------------------------------------------------------------+-------------------+--------------+
; |practica1alu                        ; 258 (0)             ; 91 (0)                    ; 0           ; 0            ; 0       ; 0         ; 35   ; 0            ; |practica1alu                                                                                               ; practica1alu      ; work         ;
;    |convertidor:inst1|               ; 36 (36)             ; 0 (0)                     ; 0           ; 0            ; 0       ; 0         ; 0    ; 0            ; |practica1alu|convertidor:inst1                                                                             ; convertidor       ; work         ;
;    |display:inst2|                   ; 104 (88)            ; 64 (64)                   ; 0           ; 0            ; 0       ; 0         ; 0    ; 0            ; |practica1alu|display:inst2                                                                                 ; display           ; work         ;
;       |letras:letra|                 ; 16 (16)             ; 0 (0)                     ; 0           ; 0            ; 0       ; 0         ; 0    ; 0            ; |practica1alu|display:inst2|letras:letra                                                                    ; letras            ; work         ;
;    |frecuencia_5Hz:inst3|            ; 41 (41)             ; 27 (27)                   ; 0           ; 0            ; 0       ; 0         ; 0    ; 0            ; |practica1alu|frecuencia_5Hz:inst3                                                                          ; frecuencia_5Hz    ; work         ;
;    |unidad_aritmetica:inst|          ; 77 (24)             ; 0 (0)                     ; 0           ; 0            ; 0       ; 0         ; 0    ; 0            ; |practica1alu|unidad_aritmetica:inst                                                                        ; unidad_aritmetica ; work         ;
;       |eight_bit_adder:restador|     ; 12 (0)              ; 0 (0)                     ; 0           ; 0            ; 0       ; 0         ; 0    ; 0            ; |practica1alu|unidad_aritmetica:inst|eight_bit_adder:restador                                               ; eight_bit_adder   ; work         ;
;          |full_adder:fullAdder2|     ; 2 (2)               ; 0 (0)                     ; 0           ; 0            ; 0       ; 0         ; 0    ; 0            ; |practica1alu|unidad_aritmetica:inst|eight_bit_adder:restador|full_adder:fullAdder2                         ; full_adder        ; work         ;
;          |full_adder:fullAdder3|     ; 2 (2)               ; 0 (0)                     ; 0           ; 0            ; 0       ; 0         ; 0    ; 0            ; |practica1alu|unidad_aritmetica:inst|eight_bit_adder:restador|full_adder:fullAdder3                         ; full_adder        ; work         ;
;          |full_adder:fullAdder4|     ; 2 (2)               ; 0 (0)                     ; 0           ; 0            ; 0       ; 0         ; 0    ; 0            ; |practica1alu|unidad_aritmetica:inst|eight_bit_adder:restador|full_adder:fullAdder4                         ; full_adder        ; work         ;
;          |full_adder:fullAdder5|     ; 2 (2)               ; 0 (0)                     ; 0           ; 0            ; 0       ; 0         ; 0    ; 0            ; |practica1alu|unidad_aritmetica:inst|eight_bit_adder:restador|full_adder:fullAdder5                         ; full_adder        ; work         ;
;          |full_adder:fullAdder6|     ; 2 (2)               ; 0 (0)                     ; 0           ; 0            ; 0       ; 0         ; 0    ; 0            ; |practica1alu|unidad_aritmetica:inst|eight_bit_adder:restador|full_adder:fullAdder6                         ; full_adder        ; work         ;
;          |full_adder:fullAdder7|     ; 2 (2)               ; 0 (0)                     ; 0           ; 0            ; 0       ; 0         ; 0    ; 0            ; |practica1alu|unidad_aritmetica:inst|eight_bit_adder:restador|full_adder:fullAdder7                         ; full_adder        ; work         ;
;       |eight_bit_adder:sumador|      ; 7 (0)               ; 0 (0)                     ; 0           ; 0            ; 0       ; 0         ; 0    ; 0            ; |practica1alu|unidad_aritmetica:inst|eight_bit_adder:sumador                                                ; eight_bit_adder   ; work         ;
;          |full_adder:fullAdder1|     ; 1 (1)               ; 0 (0)                     ; 0           ; 0            ; 0       ; 0         ; 0    ; 0            ; |practica1alu|unidad_aritmetica:inst|eight_bit_adder:sumador|full_adder:fullAdder1                          ; full_adder        ; work         ;
;          |full_adder:fullAdder2|     ; 1 (1)               ; 0 (0)                     ; 0           ; 0            ; 0       ; 0         ; 0    ; 0            ; |practica1alu|unidad_aritmetica:inst|eight_bit_adder:sumador|full_adder:fullAdder2                          ; full_adder        ; work         ;
;          |full_adder:fullAdder3|     ; 1 (1)               ; 0 (0)                     ; 0           ; 0            ; 0       ; 0         ; 0    ; 0            ; |practica1alu|unidad_aritmetica:inst|eight_bit_adder:sumador|full_adder:fullAdder3                          ; full_adder        ; work         ;
;          |full_adder:fullAdder4|     ; 1 (1)               ; 0 (0)                     ; 0           ; 0            ; 0       ; 0         ; 0    ; 0            ; |practica1alu|unidad_aritmetica:inst|eight_bit_adder:sumador|full_adder:fullAdder4                          ; full_adder        ; work         ;
;          |full_adder:fullAdder5|     ; 1 (1)               ; 0 (0)                     ; 0           ; 0            ; 0       ; 0         ; 0    ; 0            ; |practica1alu|unidad_aritmetica:inst|eight_bit_adder:sumador|full_adder:fullAdder5                          ; full_adder        ; work         ;
;          |full_adder:fullAdder6|     ; 1 (1)               ; 0 (0)                     ; 0           ; 0            ; 0       ; 0         ; 0    ; 0            ; |practica1alu|unidad_aritmetica:inst|eight_bit_adder:sumador|full_adder:fullAdder6                          ; full_adder        ; work         ;
;          |full_adder:fullAdder7|     ; 1 (1)               ; 0 (0)                     ; 0           ; 0            ; 0       ; 0         ; 0    ; 0            ; |practica1alu|unidad_aritmetica:inst|eight_bit_adder:sumador|full_adder:fullAdder7                          ; full_adder        ; work         ;
;       |multiplicador:multiplicacion| ; 34 (4)              ; 0 (0)                     ; 0           ; 0            ; 0       ; 0         ; 0    ; 0            ; |practica1alu|unidad_aritmetica:inst|multiplicador:multiplicacion                                           ; multiplicador     ; work         ;
;          |ten_bit_adder:suma1|       ; 8 (0)               ; 0 (0)                     ; 0           ; 0            ; 0       ; 0         ; 0    ; 0            ; |practica1alu|unidad_aritmetica:inst|multiplicador:multiplicacion|ten_bit_adder:suma1                       ; ten_bit_adder     ; work         ;
;             |full_adder:fullAdder2|  ; 1 (1)               ; 0 (0)                     ; 0           ; 0            ; 0       ; 0         ; 0    ; 0            ; |practica1alu|unidad_aritmetica:inst|multiplicador:multiplicacion|ten_bit_adder:suma1|full_adder:fullAdder2 ; full_adder        ; work         ;
;             |full_adder:fullAdder3|  ; 2 (2)               ; 0 (0)                     ; 0           ; 0            ; 0       ; 0         ; 0    ; 0            ; |practica1alu|unidad_aritmetica:inst|multiplicador:multiplicacion|ten_bit_adder:suma1|full_adder:fullAdder3 ; full_adder        ; work         ;
;             |full_adder:fullAdder4|  ; 2 (2)               ; 0 (0)                     ; 0           ; 0            ; 0       ; 0         ; 0    ; 0            ; |practica1alu|unidad_aritmetica:inst|multiplicador:multiplicacion|ten_bit_adder:suma1|full_adder:fullAdder4 ; full_adder        ; work         ;
;             |full_adder:fullAdder5|  ; 2 (2)               ; 0 (0)                     ; 0           ; 0            ; 0       ; 0         ; 0    ; 0            ; |practica1alu|unidad_aritmetica:inst|multiplicador:multiplicacion|ten_bit_adder:suma1|full_adder:fullAdder5 ; full_adder        ; work         ;
;             |full_adder:fullAdder6|  ; 1 (1)               ; 0 (0)                     ; 0           ; 0            ; 0       ; 0         ; 0    ; 0            ; |practica1alu|unidad_aritmetica:inst|multiplicador:multiplicacion|ten_bit_adder:suma1|full_adder:fullAdder6 ; full_adder        ; work         ;
;          |ten_bit_adder:suma2|       ; 8 (0)               ; 0 (0)                     ; 0           ; 0            ; 0       ; 0         ; 0    ; 0            ; |practica1alu|unidad_aritmetica:inst|multiplicador:multiplicacion|ten_bit_adder:suma2                       ; ten_bit_adder     ; work         ;
;             |full_adder:fullAdder3|  ; 1 (1)               ; 0 (0)                     ; 0           ; 0            ; 0       ; 0         ; 0    ; 0            ; |practica1alu|unidad_aritmetica:inst|multiplicador:multiplicacion|ten_bit_adder:suma2|full_adder:fullAdder3 ; full_adder        ; work         ;
;             |full_adder:fullAdder4|  ; 2 (2)               ; 0 (0)                     ; 0           ; 0            ; 0       ; 0         ; 0    ; 0            ; |practica1alu|unidad_aritmetica:inst|multiplicador:multiplicacion|ten_bit_adder:suma2|full_adder:fullAdder4 ; full_adder        ; work         ;
;             |full_adder:fullAdder5|  ; 2 (2)               ; 0 (0)                     ; 0           ; 0            ; 0       ; 0         ; 0    ; 0            ; |practica1alu|unidad_aritmetica:inst|multiplicador:multiplicacion|ten_bit_adder:suma2|full_adder:fullAdder5 ; full_adder        ; work         ;
;             |full_adder:fullAdder6|  ; 2 (2)               ; 0 (0)                     ; 0           ; 0            ; 0       ; 0         ; 0    ; 0            ; |practica1alu|unidad_aritmetica:inst|multiplicador:multiplicacion|ten_bit_adder:suma2|full_adder:fullAdder6 ; full_adder        ; work         ;
;             |full_adder:fullAdder7|  ; 1 (1)               ; 0 (0)                     ; 0           ; 0            ; 0       ; 0         ; 0    ; 0            ; |practica1alu|unidad_aritmetica:inst|multiplicador:multiplicacion|ten_bit_adder:suma2|full_adder:fullAdder7 ; full_adder        ; work         ;
;          |ten_bit_adder:suma3|       ; 8 (0)               ; 0 (0)                     ; 0           ; 0            ; 0       ; 0         ; 0    ; 0            ; |practica1alu|unidad_aritmetica:inst|multiplicador:multiplicacion|ten_bit_adder:suma3                       ; ten_bit_adder     ; work         ;
;             |full_adder:fullAdder4|  ; 1 (1)               ; 0 (0)                     ; 0           ; 0            ; 0       ; 0         ; 0    ; 0            ; |practica1alu|unidad_aritmetica:inst|multiplicador:multiplicacion|ten_bit_adder:suma3|full_adder:fullAdder4 ; full_adder        ; work         ;
;             |full_adder:fullAdder5|  ; 2 (2)               ; 0 (0)                     ; 0           ; 0            ; 0       ; 0         ; 0    ; 0            ; |practica1alu|unidad_aritmetica:inst|multiplicador:multiplicacion|ten_bit_adder:suma3|full_adder:fullAdder5 ; full_adder        ; work         ;
;             |full_adder:fullAdder6|  ; 2 (2)               ; 0 (0)                     ; 0           ; 0            ; 0       ; 0         ; 0    ; 0            ; |practica1alu|unidad_aritmetica:inst|multiplicador:multiplicacion|ten_bit_adder:suma3|full_adder:fullAdder6 ; full_adder        ; work         ;
;             |full_adder:fullAdder7|  ; 2 (2)               ; 0 (0)                     ; 0           ; 0            ; 0       ; 0         ; 0    ; 0            ; |practica1alu|unidad_aritmetica:inst|multiplicador:multiplicacion|ten_bit_adder:suma3|full_adder:fullAdder7 ; full_adder        ; work         ;
;             |full_adder:fullAdder8|  ; 1 (1)               ; 0 (0)                     ; 0           ; 0            ; 0       ; 0         ; 0    ; 0            ; |practica1alu|unidad_aritmetica:inst|multiplicador:multiplicacion|ten_bit_adder:suma3|full_adder:fullAdder8 ; full_adder        ; work         ;
;          |ten_bit_adder:suma4|       ; 6 (0)               ; 0 (0)                     ; 0           ; 0            ; 0       ; 0         ; 0    ; 0            ; |practica1alu|unidad_aritmetica:inst|multiplicador:multiplicacion|ten_bit_adder:suma4                       ; ten_bit_adder     ; work         ;
;             |full_adder:fullAdder5|  ; 1 (1)               ; 0 (0)                     ; 0           ; 0            ; 0       ; 0         ; 0    ; 0            ; |practica1alu|unidad_aritmetica:inst|multiplicador:multiplicacion|ten_bit_adder:suma4|full_adder:fullAdder5 ; full_adder        ; work         ;
;             |full_adder:fullAdder6|  ; 1 (1)               ; 0 (0)                     ; 0           ; 0            ; 0       ; 0         ; 0    ; 0            ; |practica1alu|unidad_aritmetica:inst|multiplicador:multiplicacion|ten_bit_adder:suma4|full_adder:fullAdder6 ; full_adder        ; work         ;
;             |full_adder:fullAdder7|  ; 2 (2)               ; 0 (0)                     ; 0           ; 0            ; 0       ; 0         ; 0    ; 0            ; |practica1alu|unidad_aritmetica:inst|multiplicador:multiplicacion|ten_bit_adder:suma4|full_adder:fullAdder7 ; full_adder        ; work         ;
;             |full_adder:fullAdder8|  ; 2 (2)               ; 0 (0)                     ; 0           ; 0            ; 0       ; 0         ; 0    ; 0            ; |practica1alu|unidad_aritmetica:inst|multiplicador:multiplicacion|ten_bit_adder:suma4|full_adder:fullAdder8 ; full_adder        ; work         ;
+--------------------------------------+---------------------+---------------------------+-------------+--------------+---------+-----------+------+--------------+-------------------------------------------------------------------------------------------------------------+-------------------+--------------+
Note: For table entries with two numbers listed, the numbers in parentheses indicate the number of resources of the given type used by the specific entity alone. The numbers listed outside of parentheses indicate the total resources of the given type used by the specific entity and all of its sub-entities in the hierarchy.


+---------------------------------------------------------------------------------+
; Registers Removed During Synthesis                                              ;
+----------------------------------------+----------------------------------------+
; Register name                          ; Reason for Removal                     ;
+----------------------------------------+----------------------------------------+
; display:inst2|op_real[0..3]            ; Stuck at GND due to stuck port data_in ;
; display:inst2|l4[3]                    ; Merged with display:inst2|l4[2]        ;
; display:inst2|message[7]               ; Merged with display:inst2|message[6]   ;
; display:inst2|message[11]              ; Merged with display:inst2|message[10]  ;
; display:inst2|message[15]              ; Merged with display:inst2|message[14]  ;
; display:inst2|message[19]              ; Merged with display:inst2|message[18]  ;
; display:inst2|message[3]               ; Merged with display:inst2|message[2]   ;
; display:inst2|sel[0]                   ; Merged with display:inst2|contador[0]  ;
; display:inst2|var[0]                   ; Merged with display:inst2|seg[0]       ;
; display:inst2|sel[1]                   ; Merged with display:inst2|contador[1]  ;
; display:inst2|var[1]                   ; Merged with display:inst2|seg[1]       ;
; display:inst2|var[2]                   ; Merged with display:inst2|seg[2]       ;
; display:inst2|var[3]                   ; Merged with display:inst2|seg[3]       ;
; display:inst2|message[2,6,10,14,18]    ; Stuck at GND due to stuck port data_in ;
; display:inst2|l4[2]                    ; Stuck at GND due to stuck port data_in ;
; Total Number of Removed Registers = 22 ;                                        ;
+----------------------------------------+----------------------------------------+


+----------------------------------------------------------------------------------------------------------------------------------------+
; Removed Registers Triggering Further Register Optimizations                                                                            ;
+--------------------------+---------------------------+---------------------------------------------------------------------------------+
; Register name            ; Reason for Removal        ; Registers Removed due to This Register                                          ;
+--------------------------+---------------------------+---------------------------------------------------------------------------------+
; display:inst2|message[2] ; Stuck at GND              ; display:inst2|message[6], display:inst2|message[10], display:inst2|message[14], ;
;                          ; due to stuck port data_in ; display:inst2|message[18], display:inst2|l4[2]                                  ;
+--------------------------+---------------------------+---------------------------------------------------------------------------------+


+------------------------------------------------------+
; General Register Statistics                          ;
+----------------------------------------------+-------+
; Statistic                                    ; Value ;
+----------------------------------------------+-------+
; Total registers                              ; 91    ;
; Number of registers using Synchronous Clear  ; 0     ;
; Number of registers using Synchronous Load   ; 0     ;
; Number of registers using Asynchronous Clear ; 27    ;
; Number of registers using Asynchronous Load  ; 0     ;
; Number of registers using Clock Enable       ; 31    ;
; Number of registers using Preset             ; 0     ;
+----------------------------------------------+-------+


+---------------------------------------------------------------------------------------------------------------------------------------------------------+
; Multiplexer Restructuring Statistics (Restructuring Performed)                                                                                          ;
+--------------------+-----------+---------------+----------------------+------------------------+------------+-------------------------------------------+
; Multiplexer Inputs ; Bus Width ; Baseline Area ; Area if Restructured ; Saving if Restructured ; Registered ; Example Multiplexer Output                ;
+--------------------+-----------+---------------+----------------------+------------------------+------------+-------------------------------------------+
; 4:1                ; 4 bits    ; 8 LEs         ; 8 LEs                ; 0 LEs                  ; Yes        ; |practica1alu|display:inst2|aux[1]        ;
; 3:1                ; 15 bits   ; 30 LEs        ; 15 LEs               ; 15 LEs                 ; Yes        ; |practica1alu|display:inst2|message[18]   ;
; 3:1                ; 4 bits    ; 8 LEs         ; 8 LEs                ; 0 LEs                  ; Yes        ; |practica1alu|display:inst2|l1[2]         ;
; 3:1                ; 4 bits    ; 8 LEs         ; 8 LEs                ; 0 LEs                  ; Yes        ; |practica1alu|display:inst2|l2[2]         ;
; 3:1                ; 3 bits    ; 6 LEs         ; 6 LEs                ; 0 LEs                  ; Yes        ; |practica1alu|display:inst2|l3[1]         ;
; 4:1                ; 8 bits    ; 16 LEs        ; 16 LEs               ; 0 LEs                  ; No         ; |practica1alu|unidad_aritmetica:inst|Mux4 ;
+--------------------+-----------+---------------+----------------------+------------------------+------------+-------------------------------------------+


+-------------------------------------------------------------------------------------------------------------------+
; Port Connectivity Checks: "unidad_aritmetica:inst|multiplicador:multiplicacion|ten_bit_adder:suma4"               ;
+---------+--------+----------+-------------------------------------------------------------------------------------+
; Port    ; Type   ; Severity ; Details                                                                             ;
+---------+--------+----------+-------------------------------------------------------------------------------------+
; b[3..0] ; Input  ; Info     ; Stuck at GND                                                                        ;
; b[9]    ; Input  ; Info     ; Stuck at GND                                                                        ;
; cin     ; Input  ; Info     ; Stuck at GND                                                                        ;
; cout    ; Output ; Info     ; Connected to dangling logic. Logic that only feeds a dangling port will be removed. ;
+---------+--------+----------+-------------------------------------------------------------------------------------+


+-------------------------------------------------------------------------------------------------------------------+
; Port Connectivity Checks: "unidad_aritmetica:inst|multiplicador:multiplicacion|ten_bit_adder:suma3"               ;
+---------+--------+----------+-------------------------------------------------------------------------------------+
; Port    ; Type   ; Severity ; Details                                                                             ;
+---------+--------+----------+-------------------------------------------------------------------------------------+
; b[9..8] ; Input  ; Info     ; Stuck at GND                                                                        ;
; b[2..0] ; Input  ; Info     ; Stuck at GND                                                                        ;
; cin     ; Input  ; Info     ; Stuck at GND                                                                        ;
; cout    ; Output ; Info     ; Connected to dangling logic. Logic that only feeds a dangling port will be removed. ;
+---------+--------+----------+-------------------------------------------------------------------------------------+


+-------------------------------------------------------------------------------------------------------------------+
; Port Connectivity Checks: "unidad_aritmetica:inst|multiplicador:multiplicacion|ten_bit_adder:suma2"               ;
+---------+--------+----------+-------------------------------------------------------------------------------------+
; Port    ; Type   ; Severity ; Details                                                                             ;
+---------+--------+----------+-------------------------------------------------------------------------------------+
; b[9..7] ; Input  ; Info     ; Stuck at GND                                                                        ;
; b[1..0] ; Input  ; Info     ; Stuck at GND                                                                        ;
; cin     ; Input  ; Info     ; Stuck at GND                                                                        ;
; cout    ; Output ; Info     ; Connected to dangling logic. Logic that only feeds a dangling port will be removed. ;
+---------+--------+----------+-------------------------------------------------------------------------------------+


+-------------------------------------------------------------------------------------------------------------------+
; Port Connectivity Checks: "unidad_aritmetica:inst|multiplicador:multiplicacion|ten_bit_adder:suma1"               ;
+---------+--------+----------+-------------------------------------------------------------------------------------+
; Port    ; Type   ; Severity ; Details                                                                             ;
+---------+--------+----------+-------------------------------------------------------------------------------------+
; a[9..5] ; Input  ; Info     ; Stuck at GND                                                                        ;
; b[9..6] ; Input  ; Info     ; Stuck at GND                                                                        ;
; b[0]    ; Input  ; Info     ; Stuck at GND                                                                        ;
; cin     ; Input  ; Info     ; Stuck at GND                                                                        ;
; cout    ; Output ; Info     ; Connected to dangling logic. Logic that only feeds a dangling port will be removed. ;
+---------+--------+----------+-------------------------------------------------------------------------------------+


+-----------------------------------------------------------------------------+
; Port Connectivity Checks: "unidad_aritmetica:inst|eight_bit_adder:restador" ;
+------+-------+----------+---------------------------------------------------+
; Port ; Type  ; Severity ; Details                                           ;
+------+-------+----------+---------------------------------------------------+
; cin  ; Input ; Info     ; Stuck at VCC                                      ;
+------+-------+----------+---------------------------------------------------+


+----------------------------------------------------------------------------+
; Port Connectivity Checks: "unidad_aritmetica:inst|eight_bit_adder:sumador" ;
+------+-------+----------+--------------------------------------------------+
; Port ; Type  ; Severity ; Details                                          ;
+------+-------+----------+--------------------------------------------------+
; cin  ; Input ; Info     ; Stuck at GND                                     ;
+------+-------+----------+--------------------------------------------------+


+-----------------------------------------------------+
; Post-Synthesis Netlist Statistics for Top Partition ;
+-----------------------+-----------------------------+
; Type                  ; Count                       ;
+-----------------------+-----------------------------+
; boundary_port         ; 35                          ;
; cycloneiii_ff         ; 91                          ;
;     CLR               ; 27                          ;
;     ENA               ; 31                          ;
;     plain             ; 33                          ;
; cycloneiii_lcell_comb ; 259                         ;
;     arith             ; 52                          ;
;         2 data inputs ; 50                          ;
;         3 data inputs ; 2                           ;
;     normal            ; 207                         ;
;         1 data inputs ; 5                           ;
;         2 data inputs ; 21                          ;
;         3 data inputs ; 33                          ;
;         4 data inputs ; 148                         ;
;                       ;                             ;
; Max LUT depth         ; 17.00                       ;
; Average LUT depth     ; 6.76                        ;
+-----------------------+-----------------------------+


+-------------------------------+
; Elapsed Time Per Partition    ;
+----------------+--------------+
; Partition Name ; Elapsed Time ;
+----------------+--------------+
; Top            ; 00:00:01     ;
+----------------+--------------+


+-------------------------------+
; Analysis & Synthesis Messages ;
+-------------------------------+
Info: *******************************************************************
Info: Running Quartus Prime Analysis & Synthesis
    Info: Version 21.1.0 Build 842 10/21/2021 SJ Lite Edition
    Info: Processing started: Wed Nov  2 23:16:57 2022
Info: Command: quartus_map --read_settings_files=on --write_settings_files=off practica1alu -c practica1alu
Info (20030): Parallel compilation is enabled and will use 8 of the 8 processors detected
Info (12021): Found 2 design units, including 1 entities, in source file divisor.vhd
    Info (12022): Found design unit 1: frecuencia_5Hz-Contador File: C:/Users/Angel/Documents/Documentos de ESCOM/5to Semestre/Arquitectura de Computadoras/ArquitecturaComputadoras-1/Practica1/divisor.vhd Line: 13
    Info (12023): Found entity 1: frecuencia_5Hz File: C:/Users/Angel/Documents/Documentos de ESCOM/5to Semestre/Arquitectura de Computadoras/ArquitecturaComputadoras-1/Practica1/divisor.vhd Line: 4
Info (12021): Found 2 design units, including 1 entities, in source file texto.vhd
    Info (12022): Found design unit 1: texto-bhr File: C:/Users/Angel/Documents/Documentos de ESCOM/5to Semestre/Arquitectura de Computadoras/ArquitecturaComputadoras-1/Practica1/texto.vhd Line: 12
    Info (12023): Found entity 1: texto File: C:/Users/Angel/Documents/Documentos de ESCOM/5to Semestre/Arquitectura de Computadoras/ArquitecturaComputadoras-1/Practica1/texto.vhd Line: 5
Info (12021): Found 2 design units, including 1 entities, in source file letras.vhd
    Info (12022): Found design unit 1: letras-bhr File: C:/Users/Angel/Documents/Documentos de ESCOM/5to Semestre/Arquitectura de Computadoras/ArquitecturaComputadoras-1/Practica1/letras.vhd Line: 11
    Info (12023): Found entity 1: letras File: C:/Users/Angel/Documents/Documentos de ESCOM/5to Semestre/Arquitectura de Computadoras/ArquitecturaComputadoras-1/Practica1/letras.vhd Line: 4
Info (12021): Found 2 design units, including 1 entities, in source file display.vhd
    Info (12022): Found design unit 1: display-bhr File: C:/Users/Angel/Documents/Documentos de ESCOM/5to Semestre/Arquitectura de Computadoras/ArquitecturaComputadoras-1/Practica1/display.vhd Line: 18
    Info (12023): Found entity 1: display File: C:/Users/Angel/Documents/Documentos de ESCOM/5to Semestre/Arquitectura de Computadoras/ArquitecturaComputadoras-1/Practica1/display.vhd Line: 7
Info (12021): Found 2 design units, including 1 entities, in source file convertidor.vhd
    Info (12022): Found design unit 1: convertidor-bhr File: C:/Users/Angel/Documents/Documentos de ESCOM/5to Semestre/Arquitectura de Computadoras/ArquitecturaComputadoras-1/Practica1/convertidor.vhd Line: 13
    Info (12023): Found entity 1: convertidor File: C:/Users/Angel/Documents/Documentos de ESCOM/5to Semestre/Arquitectura de Computadoras/ArquitecturaComputadoras-1/Practica1/convertidor.vhd Line: 6
Info (12021): Found 1 design units, including 1 entities, in source file practica1alu.bdf
    Info (12023): Found entity 1: practica1alu
Info (12021): Found 2 design units, including 1 entities, in source file full_adder.vhd
    Info (12022): Found design unit 1: full_adder-bhr File: C:/Users/Angel/Documents/Documentos de ESCOM/5to Semestre/Arquitectura de Computadoras/ArquitecturaComputadoras-1/Practica1/full_adder.vhd Line: 11
    Info (12023): Found entity 1: full_adder File: C:/Users/Angel/Documents/Documentos de ESCOM/5to Semestre/Arquitectura de Computadoras/ArquitecturaComputadoras-1/Practica1/full_adder.vhd Line: 4
Info (12021): Found 2 design units, including 1 entities, in source file eight_bit_adder.vhd
    Info (12022): Found design unit 1: eight_bit_adder-bhr File: C:/Users/Angel/Documents/Documentos de ESCOM/5to Semestre/Arquitectura de Computadoras/ArquitecturaComputadoras-1/Practica1/eight_bit_adder.vhd Line: 14
    Info (12023): Found entity 1: eight_bit_adder File: C:/Users/Angel/Documents/Documentos de ESCOM/5to Semestre/Arquitectura de Computadoras/ArquitecturaComputadoras-1/Practica1/eight_bit_adder.vhd Line: 5
Info (12021): Found 2 design units, including 1 entities, in source file multiplicador.vhd
    Info (12022): Found design unit 1: multiplicador-bhr File: C:/Users/Angel/Documents/Documentos de ESCOM/5to Semestre/Arquitectura de Computadoras/ArquitecturaComputadoras-1/Practica1/multiplicador.vhd Line: 14
    Info (12023): Found entity 1: multiplicador File: C:/Users/Angel/Documents/Documentos de ESCOM/5to Semestre/Arquitectura de Computadoras/ArquitecturaComputadoras-1/Practica1/multiplicador.vhd Line: 6
Info (12021): Found 2 design units, including 1 entities, in source file ten_bit_adder.vhd
    Info (12022): Found design unit 1: ten_bit_adder-bhr File: C:/Users/Angel/Documents/Documentos de ESCOM/5to Semestre/Arquitectura de Computadoras/ArquitecturaComputadoras-1/Practica1/ten_bit_adder.vhd Line: 14
    Info (12023): Found entity 1: ten_bit_adder File: C:/Users/Angel/Documents/Documentos de ESCOM/5to Semestre/Arquitectura de Computadoras/ArquitecturaComputadoras-1/Practica1/ten_bit_adder.vhd Line: 5
Info (12021): Found 2 design units, including 1 entities, in source file unidad_aritmetica.vhd
    Info (12022): Found design unit 1: unidad_aritmetica-bhr File: C:/Users/Angel/Documents/Documentos de ESCOM/5to Semestre/Arquitectura de Computadoras/ArquitecturaComputadoras-1/Practica1/unidad_aritmetica.vhd Line: 12
    Info (12023): Found entity 1: unidad_aritmetica File: C:/Users/Angel/Documents/Documentos de ESCOM/5to Semestre/Arquitectura de Computadoras/ArquitecturaComputadoras-1/Practica1/unidad_aritmetica.vhd Line: 4
Info (12127): Elaborating entity "practica1alu" for the top level hierarchy
Info (12128): Elaborating entity "display" for hierarchy "display:inst2"
Warning (10541): VHDL Signal Declaration warning at display.vhd(14): used implicit default value for signal "led" because signal was never assigned a value or an explicit default value. Use of implicit default value may introduce unintended design optimizations. File: C:/Users/Angel/Documents/Documentos de ESCOM/5to Semestre/Arquitectura de Computadoras/ArquitecturaComputadoras-1/Practica1/display.vhd Line: 14
Warning (10540): VHDL Signal Declaration warning at display.vhd(30): used explicit default value for signal "op" because signal was never assigned a value File: C:/Users/Angel/Documents/Documentos de ESCOM/5to Semestre/Arquitectura de Computadoras/ArquitecturaComputadoras-1/Practica1/display.vhd Line: 30
Warning (10492): VHDL Process Statement warning at display.vhd(98): signal "aux" is read inside the Process Statement but isn't in the Process Statement's sensitivity list File: C:/Users/Angel/Documents/Documentos de ESCOM/5to Semestre/Arquitectura de Computadoras/ArquitecturaComputadoras-1/Practica1/display.vhd Line: 98
Warning (10492): VHDL Process Statement warning at display.vhd(99): signal "ledsito" is read inside the Process Statement but isn't in the Process Statement's sensitivity list File: C:/Users/Angel/Documents/Documentos de ESCOM/5to Semestre/Arquitectura de Computadoras/ArquitecturaComputadoras-1/Practica1/display.vhd Line: 99
Warning (10492): VHDL Process Statement warning at display.vhd(100): signal "letter" is read inside the Process Statement but isn't in the Process Statement's sensitivity list File: C:/Users/Angel/Documents/Documentos de ESCOM/5to Semestre/Arquitectura de Computadoras/ArquitecturaComputadoras-1/Practica1/display.vhd Line: 100
Warning (10492): VHDL Process Statement warning at display.vhd(102): signal "letrita" is read inside the Process Statement but isn't in the Process Statement's sensitivity list File: C:/Users/Angel/Documents/Documentos de ESCOM/5to Semestre/Arquitectura de Computadoras/ArquitecturaComputadoras-1/Practica1/display.vhd Line: 102
Info (12128): Elaborating entity "texto" for hierarchy "display:inst2|texto:mensaje" File: C:/Users/Angel/Documents/Documentos de ESCOM/5to Semestre/Arquitectura de Computadoras/ArquitecturaComputadoras-1/Practica1/display.vhd Line: 132
Info (12128): Elaborating entity "letras" for hierarchy "display:inst2|letras:letra" File: C:/Users/Angel/Documents/Documentos de ESCOM/5to Semestre/Arquitectura de Computadoras/ArquitecturaComputadoras-1/Practica1/display.vhd Line: 133
Info (12128): Elaborating entity "frecuencia_5Hz" for hierarchy "frecuencia_5Hz:inst3"
Info (12128): Elaborating entity "convertidor" for hierarchy "convertidor:inst1"
Info (12128): Elaborating entity "unidad_aritmetica" for hierarchy "unidad_aritmetica:inst"
Warning (10492): VHDL Process Statement warning at unidad_aritmetica.vhd(37): signal "suma_aux" is read inside the Process Statement but isn't in the Process Statement's sensitivity list File: C:/Users/Angel/Documents/Documentos de ESCOM/5to Semestre/Arquitectura de Computadoras/ArquitecturaComputadoras-1/Practica1/unidad_aritmetica.vhd Line: 37
Warning (10492): VHDL Process Statement warning at unidad_aritmetica.vhd(38): signal "res_aux" is read inside the Process Statement but isn't in the Process Statement's sensitivity list File: C:/Users/Angel/Documents/Documentos de ESCOM/5to Semestre/Arquitectura de Computadoras/ArquitecturaComputadoras-1/Practica1/unidad_aritmetica.vhd Line: 38
Warning (10492): VHDL Process Statement warning at unidad_aritmetica.vhd(39): signal "mul_aux" is read inside the Process Statement but isn't in the Process Statement's sensitivity list File: C:/Users/Angel/Documents/Documentos de ESCOM/5to Semestre/Arquitectura de Computadoras/ArquitecturaComputadoras-1/Practica1/unidad_aritmetica.vhd Line: 39
Warning (10873): Using initial value X (don't care) for net "suma_aux[9]" at unidad_aritmetica.vhd(14) File: C:/Users/Angel/Documents/Documentos de ESCOM/5to Semestre/Arquitectura de Computadoras/ArquitecturaComputadoras-1/Practica1/unidad_aritmetica.vhd Line: 14
Warning (10873): Using initial value X (don't care) for net "res_aux[9]" at unidad_aritmetica.vhd(14) File: C:/Users/Angel/Documents/Documentos de ESCOM/5to Semestre/Arquitectura de Computadoras/ArquitecturaComputadoras-1/Practica1/unidad_aritmetica.vhd Line: 14
Info (12128): Elaborating entity "eight_bit_adder" for hierarchy "unidad_aritmetica:inst|eight_bit_adder:sumador" File: C:/Users/Angel/Documents/Documentos de ESCOM/5to Semestre/Arquitectura de Computadoras/ArquitecturaComputadoras-1/Practica1/unidad_aritmetica.vhd Line: 44
Info (12128): Elaborating entity "full_adder" for hierarchy "unidad_aritmetica:inst|eight_bit_adder:sumador|full_adder:fullAdder1" File: C:/Users/Angel/Documents/Documentos de ESCOM/5to Semestre/Arquitectura de Computadoras/ArquitecturaComputadoras-1/Practica1/eight_bit_adder.vhd Line: 27
Info (12128): Elaborating entity "multiplicador" for hierarchy "unidad_aritmetica:inst|multiplicador:multiplicacion" File: C:/Users/Angel/Documents/Documentos de ESCOM/5to Semestre/Arquitectura de Computadoras/ArquitecturaComputadoras-1/Practica1/unidad_aritmetica.vhd Line: 46
Warning (10036): Verilog HDL or VHDL warning at multiplicador.vhd(17): object "Cout_aux" assigned a value but never read File: C:/Users/Angel/Documents/Documentos de ESCOM/5to Semestre/Arquitectura de Computadoras/ArquitecturaComputadoras-1/Practica1/multiplicador.vhd Line: 17
Info (12128): Elaborating entity "ten_bit_adder" for hierarchy "unidad_aritmetica:inst|multiplicador:multiplicacion|ten_bit_adder:suma1" File: C:/Users/Angel/Documents/Documentos de ESCOM/5to Semestre/Arquitectura de Computadoras/ArquitecturaComputadoras-1/Practica1/multiplicador.vhd Line: 36
Info (286030): Timing-Driven Synthesis is running
Info (16010): Generating hard_block partition "hard_block:auto_generated_inst"
    Info (16011): Adding 0 node(s), including 0 DDIO, 0 PLL, 0 transceiver and 0 LCELL
Warning (21074): Design contains 4 input pin(s) that do not drive logic
    Warning (15610): No output dependent on input pin "A[9]"
    Warning (15610): No output dependent on input pin "A[8]"
    Warning (15610): No output dependent on input pin "B[9]"
    Warning (15610): No output dependent on input pin "B[8]"
Info (21057): Implemented 293 device resources after synthesis - the final resource count might be different
    Info (21058): Implemented 24 input pins
    Info (21059): Implemented 11 output pins
    Info (21061): Implemented 258 logic cells
Info: Quartus Prime Analysis & Synthesis was successful. 0 errors, 17 warnings
    Info: Peak virtual memory: 4838 megabytes
    Info: Processing ended: Wed Nov  2 23:17:09 2022
    Info: Elapsed time: 00:00:12
    Info: Total CPU time (on all processors): 00:00:27


