Assembler report for practica2
Wed Nov 23 17:56:51 2022
Quartus Prime Version 21.1.1 Build 850 06/23/2022 SJ Lite Edition


---------------------
; Table of Contents ;
---------------------
  1. Legal Notice
  2. Assembler Summary
  3. Assembler Settings
  4. Assembler Generated Files
  5. Assembler Device Options: C:/Users/Angel/Documents/Documentos de ESCOM/5to Semestre/Arquitectura de Computadoras/practicas/ArquitecturaComputadoras/p2/output_files/practica2.sof
  6. Assembler Messages



----------------
; Legal Notice ;
----------------
Copyright (C) 2022  Intel Corporation. All rights reserved.
Your use of Intel Corporation's design tools, logic functions 
and other software and tools, and any partner logic 
functions, and any output files from any of the foregoing 
(including device programming or simulation files), and any 
associated documentation or information are expressly subject 
to the terms and conditions of the Intel Program License 
Subscription Agreement, the Intel Quartus Prime License Agreement,
the Intel FPGA IP License Agreement, or other applicable license
agreement, including, without limitation, that your use is for
the sole purpose of programming logic devices manufactured by
Intel and sold by Intel or its authorized distributors.  Please
refer to the applicable agreement for further details, at
https://fpgasoftware.intel.com/eula.



+---------------------------------------------------------------+
; Assembler Summary                                             ;
+-----------------------+---------------------------------------+
; Assembler Status      ; Successful - Wed Nov 23 17:56:51 2022 ;
; Revision Name         ; practica2                             ;
; Top-level Entity Name ; practica2                             ;
; Family                ; Cyclone IV E                          ;
; Device                ; EP4CE6E22C8                           ;
+-----------------------+---------------------------------------+


+----------------------------------+
; Assembler Settings               ;
+--------+---------+---------------+
; Option ; Setting ; Default Value ;
+--------+---------+---------------+


+---------------------------------------------------------------------------------------------------------------------------------------------------------+
; Assembler Generated Files                                                                                                                               ;
+---------------------------------------------------------------------------------------------------------------------------------------------------------+
; File Name                                                                                                                                               ;
+---------------------------------------------------------------------------------------------------------------------------------------------------------+
; C:/Users/Angel/Documents/Documentos de ESCOM/5to Semestre/Arquitectura de Computadoras/practicas/ArquitecturaComputadoras/p2/output_files/practica2.sof ;
+---------------------------------------------------------------------------------------------------------------------------------------------------------+


+-----------------------------------------------------------------------------------------------------------------------------------------------------------------------------------+
; Assembler Device Options: C:/Users/Angel/Documents/Documentos de ESCOM/5to Semestre/Arquitectura de Computadoras/practicas/ArquitecturaComputadoras/p2/output_files/practica2.sof ;
+----------------+------------------------------------------------------------------------------------------------------------------------------------------------------------------+
; Option         ; Setting                                                                                                                                                          ;
+----------------+------------------------------------------------------------------------------------------------------------------------------------------------------------------+
; JTAG usercode  ; 0x0010B5E0                                                                                                                                                       ;
; Checksum       ; 0x0010B5E0                                                                                                                                                       ;
+----------------+------------------------------------------------------------------------------------------------------------------------------------------------------------------+


+--------------------+
; Assembler Messages ;
+--------------------+
Info: *******************************************************************
Info: Running Quartus Prime Assembler
    Info: Version 21.1.1 Build 850 06/23/2022 SJ Lite Edition
    Info: Processing started: Wed Nov 23 17:56:51 2022
Info: Command: quartus_asm --read_settings_files=off --write_settings_files=off practica2 -c practica2
Info (115031): Writing out detailed assembly data for power analysis
Info (115030): Assembler is generating device programming files
Info: Quartus Prime Assembler was successful. 0 errors, 0 warnings
    Info: Peak virtual memory: 4709 megabytes
    Info: Processing ended: Wed Nov 23 17:56:51 2022
    Info: Elapsed time: 00:00:00
    Info: Total CPU time (on all processors): 00:00:01


