Flow report for practica2
Thu Nov 24 01:27:03 2022
Quartus Prime Version 21.1.1 Build 850 06/23/2022 SJ Lite Edition


---------------------
; Table of Contents ;
---------------------
  1. Legal Notice
  2. Flow Summary
  3. Flow Settings
  4. Flow Non-Default Global Settings
  5. Flow Elapsed Time
  6. Flow OS Summary
  7. Flow Log
  8. Flow Messages
  9. Flow Suppressed Messages



----------------
; Legal Notice ;
----------------
Copyright (C) 2022  Intel Corporation. All rights reserved.
Your use of Intel Corporation's design tools, logic functions 
and other software and tools, and any partner logic 
functions, and any output files from any of the foregoing 
(including device programming or simulation files), and any 
associated documentation or information are expressly subject 
to the terms and conditions of the Intel Program License 
Subscription Agreement, the Intel Quartus Prime License Agreement,
the Intel FPGA IP License Agreement, or other applicable license
agreement, including, without limitation, that your use is for
the sole purpose of programming logic devices manufactured by
Intel and sold by Intel or its authorized distributors.  Please
refer to the applicable agreement for further details, at
https://fpgasoftware.intel.com/eula.



+----------------------------------------------------------------------------------+
; Flow Summary                                                                     ;
+------------------------------------+---------------------------------------------+
; Flow Status                        ; Successful - Thu Nov 24 01:27:03 2022       ;
; Quartus Prime Version              ; 21.1.1 Build 850 06/23/2022 SJ Lite Edition ;
; Revision Name                      ; practica2                                   ;
; Top-level Entity Name              ; practica2                                   ;
; Family                             ; Cyclone IV E                                ;
; Device                             ; EP4CE6E22C8                                 ;
; Timing Models                      ; Final                                       ;
; Total logic elements               ; 261 / 6,272 ( 4 % )                         ;
;     Total combinational functions  ; 258 / 6,272 ( 4 % )                         ;
;     Dedicated logic registers      ; 45 / 6,272 ( < 1 % )                        ;
; Total registers                    ; 45                                          ;
; Total pins                         ; 14 / 92 ( 15 % )                            ;
; Total virtual pins                 ; 0                                           ;
; Total memory bits                  ; 174 / 276,480 ( < 1 % )                     ;
; Embedded Multiplier 9-bit elements ; 0 / 30 ( 0 % )                              ;
; Total PLLs                         ; 0 / 2 ( 0 % )                               ;
+------------------------------------+---------------------------------------------+


+-----------------------------------------+
; Flow Settings                           ;
+-------------------+---------------------+
; Option            ; Setting             ;
+-------------------+---------------------+
; Start date & time ; 11/24/2022 01:26:14 ;
; Main task         ; Compilation         ;
; Revision Name     ; practica2           ;
+-------------------+---------------------+


+------------------------------------------------------------------------------------------------------------------------------------------------+
; Flow Non-Default Global Settings                                                                                                               ;
+-------------------------------------+----------------------------------------+---------------+-------------+-----------------------------------+
; Assignment Name                     ; Value                                  ; Default Value ; Entity Name ; Section Id                        ;
+-------------------------------------+----------------------------------------+---------------+-------------+-----------------------------------+
; COMPILER_SIGNATURE_ID               ; 49410878475401.166927477409644         ; --            ; --          ; --                                ;
; EDA_GENERATE_FUNCTIONAL_NETLIST     ; Off                                    ; --            ; --          ; eda_board_design_timing           ;
; EDA_GENERATE_FUNCTIONAL_NETLIST     ; Off                                    ; --            ; --          ; eda_board_design_boundary_scan    ;
; EDA_GENERATE_FUNCTIONAL_NETLIST     ; Off                                    ; --            ; --          ; eda_board_design_signal_integrity ;
; EDA_GENERATE_FUNCTIONAL_NETLIST     ; Off                                    ; --            ; --          ; eda_board_design_symbol           ;
; EDA_OUTPUT_DATA_FORMAT              ; Vhdl                                   ; --            ; --          ; eda_simulation                    ;
; EDA_SIMULATION_TOOL                 ; Active-HDL (VHDL)                      ; <None>        ; --          ; --                                ;
; EDA_TIME_SCALE                      ; 1 ps                                   ; --            ; --          ; eda_simulation                    ;
; MAX_CORE_JUNCTION_TEMP              ; 85                                     ; --            ; --          ; --                                ;
; MIN_CORE_JUNCTION_TEMP              ; 0                                      ; --            ; --          ; --                                ;
; NOMINAL_CORE_SUPPLY_VOLTAGE         ; 1.2V                                   ; --            ; --          ; --                                ;
; NUM_PARALLEL_PROCESSORS             ; All                                    ; --            ; --          ; --                                ;
; PARTITION_COLOR                     ; -- (Not supported for targeted family) ; --            ; --          ; Top                               ;
; PARTITION_FITTER_PRESERVATION_LEVEL ; -- (Not supported for targeted family) ; --            ; --          ; Top                               ;
; PARTITION_NETLIST_TYPE              ; -- (Not supported for targeted family) ; --            ; --          ; Top                               ;
; POWER_BOARD_THERMAL_MODEL           ; None (CONSERVATIVE)                    ; --            ; --          ; --                                ;
; POWER_PRESET_COOLING_SOLUTION       ; 23 MM HEAT SINK WITH 200 LFPM AIRFLOW  ; --            ; --          ; --                                ;
; PROJECT_OUTPUT_DIRECTORY            ; output_files                           ; --            ; --          ; --                                ;
; VHDL_INPUT_VERSION                  ; VHDL_2008                              ; VHDL_1993     ; --          ; --                                ;
; VHDL_SHOW_LMF_MAPPING_MESSAGES      ; Off                                    ; --            ; --          ; --                                ;
+-------------------------------------+----------------------------------------+---------------+-------------+-----------------------------------+


+--------------------------------------------------------------------------------------------------------------------------+
; Flow Elapsed Time                                                                                                        ;
+----------------------+--------------+-------------------------+---------------------+------------------------------------+
; Module Name          ; Elapsed Time ; Average Processors Used ; Peak Virtual Memory ; Total CPU Time (on all processors) ;
+----------------------+--------------+-------------------------+---------------------+------------------------------------+
; Analysis & Synthesis ; 00:00:07     ; 1.0                     ; 4895 MB             ; 00:00:14                           ;
; Fitter               ; 00:00:04     ; 1.1                     ; 6489 MB             ; 00:00:06                           ;
; Assembler            ; 00:00:00     ; 1.0                     ; 4698 MB             ; 00:00:00                           ;
; Timing Analyzer      ; 00:00:01     ; 1.1                     ; 4865 MB             ; 00:00:01                           ;
; EDA Netlist Writer   ; 00:00:00     ; 1.0                     ; 4644 MB             ; 00:00:00                           ;
; EDA Netlist Writer   ; 00:00:01     ; 1.0                     ; 4643 MB             ; 00:00:00                           ;
; EDA Netlist Writer   ; 00:00:00     ; 1.0                     ; 4644 MB             ; 00:00:01                           ;
; EDA Netlist Writer   ; 00:00:01     ; 1.0                     ; 4643 MB             ; 00:00:00                           ;
; EDA Netlist Writer   ; 00:00:00     ; 1.0                     ; 4644 MB             ; 00:00:00                           ;
; Total                ; 00:00:14     ; --                      ; --                  ; 00:00:22                           ;
+----------------------+--------------+-------------------------+---------------------+------------------------------------+


+------------------------------------------------------------------------------------+
; Flow OS Summary                                                                    ;
+----------------------+------------------+------------+------------+----------------+
; Module Name          ; Machine Hostname ; OS Name    ; OS Version ; Processor type ;
+----------------------+------------------+------------+------------+----------------+
; Analysis & Synthesis ; DESKTOP-DOV1EMS  ; Windows 10 ; 10.0       ; x86_64         ;
; Fitter               ; DESKTOP-DOV1EMS  ; Windows 10 ; 10.0       ; x86_64         ;
; Assembler            ; DESKTOP-DOV1EMS  ; Windows 10 ; 10.0       ; x86_64         ;
; Timing Analyzer      ; DESKTOP-DOV1EMS  ; Windows 10 ; 10.0       ; x86_64         ;
; EDA Netlist Writer   ; DESKTOP-DOV1EMS  ; Windows 10 ; 10.0       ; x86_64         ;
; EDA Netlist Writer   ; DESKTOP-DOV1EMS  ; Windows 10 ; 10.0       ; x86_64         ;
; EDA Netlist Writer   ; DESKTOP-DOV1EMS  ; Windows 10 ; 10.0       ; x86_64         ;
; EDA Netlist Writer   ; DESKTOP-DOV1EMS  ; Windows 10 ; 10.0       ; x86_64         ;
; EDA Netlist Writer   ; DESKTOP-DOV1EMS  ; Windows 10 ; 10.0       ; x86_64         ;
+----------------------+------------------+------------+------------+----------------+


------------
; Flow Log ;
------------
quartus_map --read_settings_files=on --write_settings_files=off practica2 -c practica2
quartus_fit --read_settings_files=off --write_settings_files=off practica2 -c practica2
quartus_asm --read_settings_files=off --write_settings_files=off practica2 -c practica2
quartus_sta practica2 -c practica2
quartus_eda --read_settings_files=off --write_settings_files=off practica2 -c practica2
quartus_eda --gen_testbench --tool=modelsim_oem --format=vhdl --write_settings_files=off practica2 -c practica2 --vector_source="C:/Users/Angel/Documents/Documentos de ESCOM/5to Semestre/Arquitectura de Computadoras/practicas/ArquitecturaComputadoras/p2/Waveform.vwf" --testbench_file="C:/Users/Angel/Documents/Documentos de ESCOM/5to Semestre/Arquitectura de Computadoras/practicas/ArquitecturaComputadoras/p2/simulation/qsim/Waveform.vwf.vht"
quartus_eda --write_settings_files=off --simulation=on --functional=on --flatten_buses=off --tool=modelsim_oem --format=vhdl --output_directory="C:/Users/Angel/Documents/Documentos de ESCOM/5to Semestre/Arquitectura de Computadoras/practicas/ArquitecturaComputadoras/p2/simulation/qsim/" practica2 -c practica2
quartus_eda --gen_testbench --tool=modelsim_oem --format=vhdl --write_settings_files=off practica2 -c practica2 --vector_source="C:/Users/Angel/Documents/Documentos de ESCOM/5to Semestre/Arquitectura de Computadoras/practicas/ArquitecturaComputadoras/p2/Waveform.vwf" --testbench_file="C:/Users/Angel/Documents/Documentos de ESCOM/5to Semestre/Arquitectura de Computadoras/practicas/ArquitecturaComputadoras/p2/simulation/qsim/Waveform.vwf.vht"
quartus_eda --write_settings_files=off --simulation=on --functional=on --flatten_buses=off --tool=modelsim_oem --format=vhdl --output_directory="C:/Users/Angel/Documents/Documentos de ESCOM/5to Semestre/Arquitectura de Computadoras/practicas/ArquitecturaComputadoras/p2/simulation/qsim/" practica2 -c practica2



