Flow report for practica3
<<<<<<< HEAD
Wed Nov 30 23:28:46 2022
=======
Thu Dec  1 00:04:56 2022
>>>>>>> CambiosBeta
Quartus Prime Version 21.1.1 Build 850 06/23/2022 SJ Lite Edition


---------------------
; Table of Contents ;
---------------------
  1. Legal Notice
  2. Flow Summary
  3. Flow Settings
  4. Flow Non-Default Global Settings
  5. Flow Elapsed Time
  6. Flow OS Summary
  7. Flow Log
  8. Flow Messages
  9. Flow Suppressed Messages



----------------
; Legal Notice ;
----------------
Copyright (C) 2022  Intel Corporation. All rights reserved.
Your use of Intel Corporation's design tools, logic functions 
and other software and tools, and any partner logic 
functions, and any output files from any of the foregoing 
(including device programming or simulation files), and any 
associated documentation or information are expressly subject 
to the terms and conditions of the Intel Program License 
Subscription Agreement, the Intel Quartus Prime License Agreement,
the Intel FPGA IP License Agreement, or other applicable license
agreement, including, without limitation, that your use is for
the sole purpose of programming logic devices manufactured by
Intel and sold by Intel or its authorized distributors.  Please
refer to the applicable agreement for further details, at
https://fpgasoftware.intel.com/eula.



+----------------------------------------------------------------------------------+
; Flow Summary                                                                     ;
+------------------------------------+---------------------------------------------+
<<<<<<< HEAD
; Flow Status                        ; Successful - Wed Nov 30 23:28:46 2022       ;
=======
; Flow Status                        ; Successful - Thu Dec  1 00:04:56 2022       ;
>>>>>>> CambiosBeta
; Quartus Prime Version              ; 21.1.1 Build 850 06/23/2022 SJ Lite Edition ;
; Revision Name                      ; practica3                                   ;
; Top-level Entity Name              ; practica3                                   ;
; Family                             ; Cyclone IV E                                ;
; Device                             ; EP4CE6E22C8L                                ;
; Timing Models                      ; Final                                       ;
<<<<<<< HEAD
; Total logic elements               ; 1,259 / 6,272 ( 20 % )                      ;
;     Total combinational functions  ; 1,221 / 6,272 ( 19 % )                      ;
;     Dedicated logic registers      ; 322 / 6,272 ( 5 % )                         ;
; Total registers                    ; 322                                         ;
; Total pins                         ; 67 / 92 ( 73 % )                            ;
=======
; Total logic elements               ; 1,291 / 6,272 ( 21 % )                      ;
;     Total combinational functions  ; 1,272 / 6,272 ( 20 % )                      ;
;     Dedicated logic registers      ; 373 / 6,272 ( 6 % )                         ;
; Total registers                    ; 373                                         ;
; Total pins                         ; 19 / 92 ( 21 % )                            ;
>>>>>>> CambiosBeta
; Total virtual pins                 ; 0                                           ;
; Total memory bits                  ; 0 / 276,480 ( 0 % )                         ;
; Embedded Multiplier 9-bit elements ; 0 / 30 ( 0 % )                              ;
; Total PLLs                         ; 0 / 2 ( 0 % )                               ;
+------------------------------------+---------------------------------------------+


+-----------------------------------------+
; Flow Settings                           ;
+-------------------+---------------------+
; Option            ; Setting             ;
+-------------------+---------------------+
<<<<<<< HEAD
; Start date & time ; 11/30/2022 23:27:24 ;
=======
; Start date & time ; 12/01/2022 00:04:36 ;
>>>>>>> CambiosBeta
; Main task         ; Compilation         ;
; Revision Name     ; practica3           ;
+-------------------+---------------------+


+------------------------------------------------------------------------------------------------------------------------------------------------+
; Flow Non-Default Global Settings                                                                                                               ;
+-------------------------------------+----------------------------------------+---------------+-------------+-----------------------------------+
; Assignment Name                     ; Value                                  ; Default Value ; Entity Name ; Section Id                        ;
+-------------------------------------+----------------------------------------+---------------+-------------+-----------------------------------+
<<<<<<< HEAD
; COMPILER_SIGNATURE_ID               ; 101957947507475.166987244355346        ; --            ; --          ; --                                ;
=======
; COMPILER_SIGNATURE_ID               ; 49410878475401.166987467610756         ; --            ; --          ; --                                ;
>>>>>>> CambiosBeta
; EDA_GENERATE_FUNCTIONAL_NETLIST     ; Off                                    ; --            ; --          ; eda_board_design_timing           ;
; EDA_GENERATE_FUNCTIONAL_NETLIST     ; Off                                    ; --            ; --          ; eda_board_design_boundary_scan    ;
; EDA_GENERATE_FUNCTIONAL_NETLIST     ; Off                                    ; --            ; --          ; eda_board_design_signal_integrity ;
; EDA_GENERATE_FUNCTIONAL_NETLIST     ; Off                                    ; --            ; --          ; eda_board_design_symbol           ;
; EDA_OUTPUT_DATA_FORMAT              ; Vhdl                                   ; --            ; --          ; eda_simulation                    ;
; EDA_SIMULATION_TOOL                 ; Active-HDL (VHDL)                      ; <None>        ; --          ; --                                ;
; EDA_TIME_SCALE                      ; 1 ps                                   ; --            ; --          ; eda_simulation                    ;
; MAX_CORE_JUNCTION_TEMP              ; 85                                     ; --            ; --          ; --                                ;
; MIN_CORE_JUNCTION_TEMP              ; 0                                      ; --            ; --          ; --                                ;
; NOMINAL_CORE_SUPPLY_VOLTAGE         ; 1.0V                                   ; --            ; --          ; --                                ;
; PARTITION_COLOR                     ; -- (Not supported for targeted family) ; --            ; --          ; Top                               ;
; PARTITION_FITTER_PRESERVATION_LEVEL ; -- (Not supported for targeted family) ; --            ; --          ; Top                               ;
; PARTITION_NETLIST_TYPE              ; -- (Not supported for targeted family) ; --            ; --          ; Top                               ;
; POWER_BOARD_THERMAL_MODEL           ; None (CONSERVATIVE)                    ; --            ; --          ; --                                ;
; POWER_PRESET_COOLING_SOLUTION       ; 23 MM HEAT SINK WITH 200 LFPM AIRFLOW  ; --            ; --          ; --                                ;
; PROJECT_OUTPUT_DIRECTORY            ; output_files                           ; --            ; --          ; --                                ;
+-------------------------------------+----------------------------------------+---------------+-------------+-----------------------------------+


+--------------------------------------------------------------------------------------------------------------------------+
; Flow Elapsed Time                                                                                                        ;
+----------------------+--------------+-------------------------+---------------------+------------------------------------+
; Module Name          ; Elapsed Time ; Average Processors Used ; Peak Virtual Memory ; Total CPU Time (on all processors) ;
+----------------------+--------------+-------------------------+---------------------+------------------------------------+
<<<<<<< HEAD
; Analysis & Synthesis ; 00:00:29     ; 1.0                     ; 482 MB              ; 00:00:56                           ;
; Fitter               ; 00:00:34     ; 1.3                     ; 1310 MB             ; 00:00:37                           ;
; Assembler            ; 00:00:02     ; 1.0                     ; 366 MB              ; 00:00:01                           ;
; Timing Analyzer      ; 00:00:04     ; 2.1                     ; 538 MB              ; 00:00:06                           ;
; EDA Netlist Writer   ; 00:00:01     ; 1.0                     ; 615 MB              ; 00:00:01                           ;
; Total                ; 00:01:10     ; --                      ; --                  ; 00:01:41                           ;
+----------------------+--------------+-------------------------+---------------------+------------------------------------+


+----------------------------------------------------------------------------------------+
; Flow OS Summary                                                                        ;
+----------------------+------------------+--------------+--------------+----------------+
; Module Name          ; Machine Hostname ; OS Name      ; OS Version   ; Processor type ;
+----------------------+------------------+--------------+--------------+----------------+
; Analysis & Synthesis ; valhalla         ; Archcraft \r ; Archcraft \r ; x86_64         ;
; Fitter               ; valhalla         ; Archcraft \r ; Archcraft \r ; x86_64         ;
; Assembler            ; valhalla         ; Archcraft \r ; Archcraft \r ; x86_64         ;
; Timing Analyzer      ; valhalla         ; Archcraft \r ; Archcraft \r ; x86_64         ;
; EDA Netlist Writer   ; valhalla         ; Archcraft \r ; Archcraft \r ; x86_64         ;
+----------------------+------------------+--------------+--------------+----------------+
=======
; Analysis & Synthesis ; 00:00:07     ; 1.0                     ; 4883 MB             ; 00:00:09                           ;
; Fitter               ; 00:00:06     ; 1.7                     ; 6531 MB             ; 00:00:08                           ;
; Assembler            ; 00:00:00     ; 1.0                     ; 4710 MB             ; 00:00:00                           ;
; Timing Analyzer      ; 00:00:01     ; 2.5                     ; 4933 MB             ; 00:00:02                           ;
; EDA Netlist Writer   ; 00:00:01     ; 1.0                     ; 4650 MB             ; 00:00:00                           ;
; Total                ; 00:00:15     ; --                      ; --                  ; 00:00:19                           ;
+----------------------+--------------+-------------------------+---------------------+------------------------------------+


+------------------------------------------------------------------------------------+
; Flow OS Summary                                                                    ;
+----------------------+------------------+------------+------------+----------------+
; Module Name          ; Machine Hostname ; OS Name    ; OS Version ; Processor type ;
+----------------------+------------------+------------+------------+----------------+
; Analysis & Synthesis ; DESKTOP-DOV1EMS  ; Windows 10 ; 10.0       ; x86_64         ;
; Fitter               ; DESKTOP-DOV1EMS  ; Windows 10 ; 10.0       ; x86_64         ;
; Assembler            ; DESKTOP-DOV1EMS  ; Windows 10 ; 10.0       ; x86_64         ;
; Timing Analyzer      ; DESKTOP-DOV1EMS  ; Windows 10 ; 10.0       ; x86_64         ;
; EDA Netlist Writer   ; DESKTOP-DOV1EMS  ; Windows 10 ; 10.0       ; x86_64         ;
+----------------------+------------------+------------+------------+----------------+
>>>>>>> CambiosBeta


------------
; Flow Log ;
------------
quartus_map --read_settings_files=on --write_settings_files=off practica3 -c practica3
quartus_fit --read_settings_files=off --write_settings_files=off practica3 -c practica3
quartus_asm --read_settings_files=off --write_settings_files=off practica3 -c practica3
quartus_sta practica3 -c practica3
quartus_eda --read_settings_files=off --write_settings_files=off practica3 -c practica3



