Analysis & Synthesis report for teclado
Mon Dec 19 20:47:57 2022
Quartus Prime Version 21.1.1 Build 850 06/23/2022 SJ Lite Edition


---------------------
; Table of Contents ;
---------------------
  1. Legal Notice
  2. Analysis & Synthesis Summary
  3. Analysis & Synthesis Settings
  4. Parallel Compilation
  5. Analysis & Synthesis Source Files Read
  6. Analysis & Synthesis Resource Usage Summary
  7. Analysis & Synthesis Resource Utilization by Entity
  8. Registers Removed During Synthesis
  9. General Register Statistics
 10. Inverted Register Statistics
 11. Multiplexer Restructuring Statistics (Restructuring Performed)
 12. Parameter Settings for User Entity Instance: pmod_keypad:inst
 13. Parameter Settings for User Entity Instance: pmod_keypad:inst|debounce:\row_debounce:0:debounce_keys
 14. Parameter Settings for User Entity Instance: pmod_keypad:inst|debounce:\row_debounce:1:debounce_keys
 15. Parameter Settings for User Entity Instance: pmod_keypad:inst|debounce:\row_debounce:2:debounce_keys
 16. Parameter Settings for User Entity Instance: pmod_keypad:inst|debounce:\row_debounce:3:debounce_keys
 17. Parameter Settings for User Entity Instance: pmod_keypad:inst|debounce:\row_debounce:4:debounce_keys
 18. Parameter Settings for User Entity Instance: pmod_keypad:inst|debounce:\row_debounce:5:debounce_keys
 19. Parameter Settings for User Entity Instance: pmod_keypad:inst|debounce:\row_debounce:6:debounce_keys
 20. Parameter Settings for User Entity Instance: pmod_keypad:inst|debounce:\row_debounce:7:debounce_keys
 21. Parameter Settings for User Entity Instance: pmod_keypad:inst|debounce:\row_debounce:8:debounce_keys
 22. Parameter Settings for User Entity Instance: pmod_keypad:inst|debounce:\row_debounce:9:debounce_keys
 23. Parameter Settings for User Entity Instance: pmod_keypad:inst|debounce:\row_debounce:10:debounce_keys
 24. Parameter Settings for User Entity Instance: pmod_keypad:inst|debounce:\row_debounce:11:debounce_keys
 25. Parameter Settings for User Entity Instance: pmod_keypad:inst|debounce:\row_debounce:12:debounce_keys
 26. Parameter Settings for User Entity Instance: pmod_keypad:inst|debounce:\row_debounce:13:debounce_keys
 27. Parameter Settings for User Entity Instance: pmod_keypad:inst|debounce:\row_debounce:14:debounce_keys
 28. Parameter Settings for User Entity Instance: pmod_keypad:inst|debounce:\row_debounce:15:debounce_keys
 29. Post-Synthesis Netlist Statistics for Top Partition
 30. Elapsed Time Per Partition
 31. Analysis & Synthesis Messages



----------------
; Legal Notice ;
----------------
Copyright (C) 2022  Intel Corporation. All rights reserved.
Your use of Intel Corporation's design tools, logic functions 
and other software and tools, and any partner logic 
functions, and any output files from any of the foregoing 
(including device programming or simulation files), and any 
associated documentation or information are expressly subject 
to the terms and conditions of the Intel Program License 
Subscription Agreement, the Intel Quartus Prime License Agreement,
the Intel FPGA IP License Agreement, or other applicable license
agreement, including, without limitation, that your use is for
the sole purpose of programming logic devices manufactured by
Intel and sold by Intel or its authorized distributors.  Please
refer to the applicable agreement for further details, at
https://fpgasoftware.intel.com/eula.



+----------------------------------------------------------------------------------+
; Analysis & Synthesis Summary                                                     ;
+------------------------------------+---------------------------------------------+
; Analysis & Synthesis Status        ; Successful - Mon Dec 19 20:47:57 2022       ;
; Quartus Prime Version              ; 21.1.1 Build 850 06/23/2022 SJ Lite Edition ;
; Revision Name                      ; teclado                                     ;
; Top-level Entity Name              ; teclado                                     ;
; Family                             ; Cyclone IV E                                ;
; Total logic elements               ; 3,766                                       ;
;     Total combinational functions  ; 3,714                                       ;
;     Dedicated logic registers      ; 2,161                                       ;
; Total registers                    ; 2161                                        ;
; Total pins                         ; 24                                          ;
; Total virtual pins                 ; 0                                           ;
; Total memory bits                  ; 0                                           ;
; Embedded Multiplier 9-bit elements ; 0                                           ;
; Total PLLs                         ; 0                                           ;
+------------------------------------+---------------------------------------------+


+------------------------------------------------------------------------------------------------------------+
; Analysis & Synthesis Settings                                                                              ;
+------------------------------------------------------------------+--------------------+--------------------+
; Option                                                           ; Setting            ; Default Value      ;
+------------------------------------------------------------------+--------------------+--------------------+
; Device                                                           ; EP4CE6E22C8        ;                    ;
; Top-level entity name                                            ; teclado            ; teclado            ;
; Family name                                                      ; Cyclone IV E       ; Cyclone V          ;
; Maximum processors allowed for parallel compilation              ; All                ;                    ;
; Use smart compilation                                            ; Off                ; Off                ;
; Enable parallel Assembler and Timing Analyzer during compilation ; On                 ; On                 ;
; Enable compact report table                                      ; Off                ; Off                ;
; Restructure Multiplexers                                         ; Auto               ; Auto               ;
; Create Debugging Nodes for IP Cores                              ; Off                ; Off                ;
; Preserve fewer node names                                        ; On                 ; On                 ;
; Intel FPGA IP Evaluation Mode                                    ; Enable             ; Enable             ;
; Verilog Version                                                  ; Verilog_2001       ; Verilog_2001       ;
; VHDL Version                                                     ; VHDL_1993          ; VHDL_1993          ;
; State Machine Processing                                         ; Auto               ; Auto               ;
; Safe State Machine                                               ; Off                ; Off                ;
; Extract Verilog State Machines                                   ; On                 ; On                 ;
; Extract VHDL State Machines                                      ; On                 ; On                 ;
; Ignore Verilog initial constructs                                ; Off                ; Off                ;
; Iteration limit for constant Verilog loops                       ; 5000               ; 5000               ;
; Iteration limit for non-constant Verilog loops                   ; 250                ; 250                ;
; Add Pass-Through Logic to Inferred RAMs                          ; On                 ; On                 ;
; Infer RAMs from Raw Logic                                        ; On                 ; On                 ;
; Parallel Synthesis                                               ; On                 ; On                 ;
; DSP Block Balancing                                              ; Auto               ; Auto               ;
; NOT Gate Push-Back                                               ; On                 ; On                 ;
; Power-Up Don't Care                                              ; On                 ; On                 ;
; Remove Redundant Logic Cells                                     ; Off                ; Off                ;
; Remove Duplicate Registers                                       ; On                 ; On                 ;
; Ignore CARRY Buffers                                             ; Off                ; Off                ;
; Ignore CASCADE Buffers                                           ; Off                ; Off                ;
; Ignore GLOBAL Buffers                                            ; Off                ; Off                ;
; Ignore ROW GLOBAL Buffers                                        ; Off                ; Off                ;
; Ignore LCELL Buffers                                             ; Off                ; Off                ;
; Ignore SOFT Buffers                                              ; On                 ; On                 ;
; Limit AHDL Integers to 32 Bits                                   ; Off                ; Off                ;
; Optimization Technique                                           ; Balanced           ; Balanced           ;
; Carry Chain Length                                               ; 70                 ; 70                 ;
; Auto Carry Chains                                                ; On                 ; On                 ;
; Auto Open-Drain Pins                                             ; On                 ; On                 ;
; Perform WYSIWYG Primitive Resynthesis                            ; Off                ; Off                ;
; Auto ROM Replacement                                             ; On                 ; On                 ;
; Auto RAM Replacement                                             ; On                 ; On                 ;
; Auto DSP Block Replacement                                       ; On                 ; On                 ;
; Auto Shift Register Replacement                                  ; Auto               ; Auto               ;
; Allow Shift Register Merging across Hierarchies                  ; Auto               ; Auto               ;
; Auto Clock Enable Replacement                                    ; On                 ; On                 ;
; Strict RAM Replacement                                           ; Off                ; Off                ;
; Allow Synchronous Control Signals                                ; On                 ; On                 ;
; Force Use of Synchronous Clear Signals                           ; Off                ; Off                ;
; Auto RAM Block Balancing                                         ; On                 ; On                 ;
; Auto RAM to Logic Cell Conversion                                ; Off                ; Off                ;
; Auto Resource Sharing                                            ; Off                ; Off                ;
; Allow Any RAM Size For Recognition                               ; Off                ; Off                ;
; Allow Any ROM Size For Recognition                               ; Off                ; Off                ;
; Allow Any Shift Register Size For Recognition                    ; Off                ; Off                ;
; Use LogicLock Constraints during Resource Balancing              ; On                 ; On                 ;
; Ignore translate_off and synthesis_off directives                ; Off                ; Off                ;
; Timing-Driven Synthesis                                          ; On                 ; On                 ;
; Report Parameter Settings                                        ; On                 ; On                 ;
; Report Source Assignments                                        ; On                 ; On                 ;
; Report Connectivity Checks                                       ; On                 ; On                 ;
; Ignore Maximum Fan-Out Assignments                               ; Off                ; Off                ;
; Synchronization Register Chain Length                            ; 2                  ; 2                  ;
; Power Optimization During Synthesis                              ; Normal compilation ; Normal compilation ;
; HDL message level                                                ; Level2             ; Level2             ;
; Suppress Register Optimization Related Messages                  ; Off                ; Off                ;
; Number of Removed Registers Reported in Synthesis Report         ; 5000               ; 5000               ;
; Number of Swept Nodes Reported in Synthesis Report               ; 5000               ; 5000               ;
; Number of Inverted Registers Reported in Synthesis Report        ; 100                ; 100                ;
; Clock MUX Protection                                             ; On                 ; On                 ;
; Auto Gated Clock Conversion                                      ; Off                ; Off                ;
; Block Design Naming                                              ; Auto               ; Auto               ;
; SDC constraint protection                                        ; Off                ; Off                ;
; Synthesis Effort                                                 ; Auto               ; Auto               ;
; Shift Register Replacement - Allow Asynchronous Clear Signal     ; On                 ; On                 ;
; Pre-Mapping Resynthesis Optimization                             ; Off                ; Off                ;
; Analysis & Synthesis Message Level                               ; Medium             ; Medium             ;
; Disable Register Merging Across Hierarchies                      ; Auto               ; Auto               ;
; Resource Aware Inference For Block RAM                           ; On                 ; On                 ;
+------------------------------------------------------------------+--------------------+--------------------+


+------------------------------------------+
; Parallel Compilation                     ;
+----------------------------+-------------+
; Processors                 ; Number      ;
+----------------------------+-------------+
; Number detected on machine ; 8           ;
; Maximum allowed            ; 4           ;
;                            ;             ;
; Average used               ; 1.00        ;
; Maximum used               ; 4           ;
;                            ;             ;
; Usage by Processor         ; % Time Used ;
;     Processor 1            ; 100.0%      ;
;     Processor 2            ;   0.1%      ;
;     Processor 3            ;   0.1%      ;
;     Processor 4            ;   0.1%      ;
+----------------------------+-------------+


+---------------------------------------------------------------------------------------------------------------------------------------------------------------------------------------------+
; Analysis & Synthesis Source Files Read                                                                                                                                                      ;
+----------------------------------+-----------------+------------------------------------+-----------------------------------------------------------------------------------------+---------+
; File Name with User-Entered Path ; Used in Netlist ; File Type                          ; File Name with Absolute Path                                                            ; Library ;
+----------------------------------+-----------------+------------------------------------+-----------------------------------------------------------------------------------------+---------+
; divisor.vhd                      ; yes             ; User VHDL File                     ; /home/angel/Documentos/ESCOM/5to/Arqui/ArquitecturaComputadoras/teclado/divisor.vhd     ;         ;
; display.vhd                      ; yes             ; User VHDL File                     ; /home/angel/Documentos/ESCOM/5to/Arqui/ArquitecturaComputadoras/teclado/display.vhd     ;         ;
; pmod_keypad.vhd                  ; yes             ; User VHDL File                     ; /home/angel/Documentos/ESCOM/5to/Arqui/ArquitecturaComputadoras/teclado/pmod_keypad.vhd ;         ;
; debounce.vhd                     ; yes             ; User VHDL File                     ; /home/angel/Documentos/ESCOM/5to/Arqui/ArquitecturaComputadoras/teclado/debounce.vhd    ;         ;
; teclado.bdf                      ; yes             ; User Block Diagram/Schematic File  ; /home/angel/Documentos/ESCOM/5to/Arqui/ArquitecturaComputadoras/teclado/teclado.bdf     ;         ;
; pila.vhd                         ; yes             ; User VHDL File                     ; /home/angel/Documentos/ESCOM/5to/Arqui/ArquitecturaComputadoras/teclado/pila.vhd        ;         ;
; stack.vhd                        ; yes             ; User VHDL File                     ; /home/angel/Documentos/ESCOM/5to/Arqui/ArquitecturaComputadoras/teclado/stack.vhd       ;         ;
; join.vhd                         ; yes             ; User VHDL File                     ; /home/angel/Documentos/ESCOM/5to/Arqui/ArquitecturaComputadoras/teclado/join.vhd        ;         ;
+----------------------------------+-----------------+------------------------------------+-----------------------------------------------------------------------------------------+---------+


+---------------------------------------------------------------------------+
; Analysis & Synthesis Resource Usage Summary                               ;
+---------------------------------------------+-----------------------------+
; Resource                                    ; Usage                       ;
+---------------------------------------------+-----------------------------+
; Estimated Total logic elements              ; 3,766                       ;
;                                             ;                             ;
; Total combinational functions               ; 3714                        ;
; Logic element usage by number of LUT inputs ;                             ;
;     -- 4 input functions                    ; 2422                        ;
;     -- 3 input functions                    ; 719                         ;
;     -- <=2 input functions                  ; 573                         ;
;                                             ;                             ;
; Logic elements by mode                      ;                             ;
;     -- normal mode                          ; 3319                        ;
;     -- arithmetic mode                      ; 395                         ;
;                                             ;                             ;
; Total registers                             ; 2161                        ;
;     -- Dedicated logic registers            ; 2161                        ;
;     -- I/O registers                        ; 0                           ;
;                                             ;                             ;
; I/O pins                                    ; 24                          ;
;                                             ;                             ;
; Embedded Multiplier 9-bit elements          ; 0                           ;
;                                             ;                             ;
; Maximum fan-out node                        ; frecuencia_5Hz:inst4|salida ;
; Maximum fan-out                             ; 1723                        ;
; Total fan-out                               ; 19776                       ;
; Average fan-out                             ; 3.34                        ;
+---------------------------------------------+-----------------------------+


+--------------------------------------------------------------------------------------------------------------------------------------------------------------------------------------------------------------------------------------------------------------------------------+
; Analysis & Synthesis Resource Utilization by Entity                                                                                                                                                                                                                            ;
+-------------------------------------------------+---------------------+---------------------------+-------------+--------------+---------+-----------+------+--------------+-------------------------------------------------------------------+----------------+--------------+
; Compilation Hierarchy Node                      ; Combinational ALUTs ; Dedicated Logic Registers ; Memory Bits ; DSP Elements ; DSP 9x9 ; DSP 18x18 ; Pins ; Virtual Pins ; Full Hierarchy Name                                               ; Entity Name    ; Library Name ;
+-------------------------------------------------+---------------------+---------------------------+-------------+--------------+---------+-----------+------+--------------+-------------------------------------------------------------------+----------------+--------------+
; |teclado                                        ; 3714 (0)            ; 2161 (0)                  ; 0           ; 0            ; 0       ; 0         ; 24   ; 0            ; |teclado                                                          ; teclado        ; work         ;
;    |display:inst1|                              ; 33 (33)             ; 10 (10)                   ; 0           ; 0            ; 0       ; 0         ; 0    ; 0            ; |teclado|display:inst1                                            ; display        ; work         ;
;    |frecuencia_5Hz:inst4|                       ; 42 (42)             ; 27 (27)                   ; 0           ; 0            ; 0       ; 0         ; 0    ; 0            ; |teclado|frecuencia_5Hz:inst4                                     ; frecuencia_5Hz ; work         ;
;    |pila:inst2|                                 ; 123 (123)           ; 63 (63)                   ; 0           ; 0            ; 0       ; 0         ; 0    ; 0            ; |teclado|pila:inst2                                               ; pila           ; work         ;
;    |pmod_keypad:inst|                           ; 685 (239)           ; 412 (60)                  ; 0           ; 0            ; 0       ; 0         ; 0    ; 0            ; |teclado|pmod_keypad:inst                                         ; pmod_keypad    ; work         ;
;       |debounce:\row_debounce:0:debounce_keys|  ; 28 (28)             ; 22 (22)                   ; 0           ; 0            ; 0       ; 0         ; 0    ; 0            ; |teclado|pmod_keypad:inst|debounce:\row_debounce:0:debounce_keys  ; debounce       ; work         ;
;       |debounce:\row_debounce:10:debounce_keys| ; 27 (27)             ; 22 (22)                   ; 0           ; 0            ; 0       ; 0         ; 0    ; 0            ; |teclado|pmod_keypad:inst|debounce:\row_debounce:10:debounce_keys ; debounce       ; work         ;
;       |debounce:\row_debounce:11:debounce_keys| ; 28 (28)             ; 22 (22)                   ; 0           ; 0            ; 0       ; 0         ; 0    ; 0            ; |teclado|pmod_keypad:inst|debounce:\row_debounce:11:debounce_keys ; debounce       ; work         ;
;       |debounce:\row_debounce:12:debounce_keys| ; 28 (28)             ; 22 (22)                   ; 0           ; 0            ; 0       ; 0         ; 0    ; 0            ; |teclado|pmod_keypad:inst|debounce:\row_debounce:12:debounce_keys ; debounce       ; work         ;
;       |debounce:\row_debounce:13:debounce_keys| ; 28 (28)             ; 22 (22)                   ; 0           ; 0            ; 0       ; 0         ; 0    ; 0            ; |teclado|pmod_keypad:inst|debounce:\row_debounce:13:debounce_keys ; debounce       ; work         ;
;       |debounce:\row_debounce:14:debounce_keys| ; 28 (28)             ; 22 (22)                   ; 0           ; 0            ; 0       ; 0         ; 0    ; 0            ; |teclado|pmod_keypad:inst|debounce:\row_debounce:14:debounce_keys ; debounce       ; work         ;
;       |debounce:\row_debounce:15:debounce_keys| ; 28 (28)             ; 22 (22)                   ; 0           ; 0            ; 0       ; 0         ; 0    ; 0            ; |teclado|pmod_keypad:inst|debounce:\row_debounce:15:debounce_keys ; debounce       ; work         ;
;       |debounce:\row_debounce:1:debounce_keys|  ; 27 (27)             ; 22 (22)                   ; 0           ; 0            ; 0       ; 0         ; 0    ; 0            ; |teclado|pmod_keypad:inst|debounce:\row_debounce:1:debounce_keys  ; debounce       ; work         ;
;       |debounce:\row_debounce:2:debounce_keys|  ; 28 (28)             ; 22 (22)                   ; 0           ; 0            ; 0       ; 0         ; 0    ; 0            ; |teclado|pmod_keypad:inst|debounce:\row_debounce:2:debounce_keys  ; debounce       ; work         ;
;       |debounce:\row_debounce:3:debounce_keys|  ; 28 (28)             ; 22 (22)                   ; 0           ; 0            ; 0       ; 0         ; 0    ; 0            ; |teclado|pmod_keypad:inst|debounce:\row_debounce:3:debounce_keys  ; debounce       ; work         ;
;       |debounce:\row_debounce:4:debounce_keys|  ; 28 (28)             ; 22 (22)                   ; 0           ; 0            ; 0       ; 0         ; 0    ; 0            ; |teclado|pmod_keypad:inst|debounce:\row_debounce:4:debounce_keys  ; debounce       ; work         ;
;       |debounce:\row_debounce:5:debounce_keys|  ; 28 (28)             ; 22 (22)                   ; 0           ; 0            ; 0       ; 0         ; 0    ; 0            ; |teclado|pmod_keypad:inst|debounce:\row_debounce:5:debounce_keys  ; debounce       ; work         ;
;       |debounce:\row_debounce:6:debounce_keys|  ; 28 (28)             ; 22 (22)                   ; 0           ; 0            ; 0       ; 0         ; 0    ; 0            ; |teclado|pmod_keypad:inst|debounce:\row_debounce:6:debounce_keys  ; debounce       ; work         ;
;       |debounce:\row_debounce:7:debounce_keys|  ; 28 (28)             ; 22 (22)                   ; 0           ; 0            ; 0       ; 0         ; 0    ; 0            ; |teclado|pmod_keypad:inst|debounce:\row_debounce:7:debounce_keys  ; debounce       ; work         ;
;       |debounce:\row_debounce:8:debounce_keys|  ; 28 (28)             ; 22 (22)                   ; 0           ; 0            ; 0       ; 0         ; 0    ; 0            ; |teclado|pmod_keypad:inst|debounce:\row_debounce:8:debounce_keys  ; debounce       ; work         ;
;       |debounce:\row_debounce:9:debounce_keys|  ; 28 (28)             ; 22 (22)                   ; 0           ; 0            ; 0       ; 0         ; 0    ; 0            ; |teclado|pmod_keypad:inst|debounce:\row_debounce:9:debounce_keys  ; debounce       ; work         ;
;    |stack:inst5|                                ; 2831 (2831)         ; 1649 (1649)               ; 0           ; 0            ; 0       ; 0         ; 0    ; 0            ; |teclado|stack:inst5                                              ; stack          ; work         ;
+-------------------------------------------------+---------------------+---------------------------+-------------+--------------+---------+-----------+------+--------------+-------------------------------------------------------------------+----------------+--------------+
Note: For table entries with two numbers listed, the numbers in parentheses indicate the number of resources of the given type used by the specific entity alone. The numbers listed outside of parentheses indicate the total resources of the given type used by the specific entity and all of its sub-entities in the hierarchy.


+--------------------------------------------------------------------------------+
; Registers Removed During Synthesis                                             ;
+---------------------------------------+----------------------------------------+
; Register name                         ; Reason for Removal                     ;
+---------------------------------------+----------------------------------------+
; pila:inst2|cont[2]                    ; Stuck at GND due to stuck port data_in ;
; Total Number of Removed Registers = 1 ;                                        ;
+---------------------------------------+----------------------------------------+


+------------------------------------------------------+
; General Register Statistics                          ;
+----------------------------------------------+-------+
; Statistic                                    ; Value ;
+----------------------------------------------+-------+
; Total registers                              ; 2161  ;
; Number of registers using Synchronous Clear  ; 329   ;
; Number of registers using Synchronous Load   ; 0     ;
; Number of registers using Asynchronous Clear ; 111   ;
; Number of registers using Asynchronous Load  ; 0     ;
; Number of registers using Clock Enable       ; 2014  ;
; Number of registers using Preset             ; 0     ;
+----------------------------------------------+-------+


+--------------------------------------------------+
; Inverted Register Statistics                     ;
+----------------------------------------+---------+
; Inverted Register                      ; Fan out ;
+----------------------------------------+---------+
; pmod_keypad:inst|columns[1]            ; 30      ;
; pmod_keypad:inst|columns[2]            ; 26      ;
; pmod_keypad:inst|columns[3]            ; 37      ;
; pmod_keypad:inst|columns[4]            ; 29      ;
; Total number of inverted registers = 4 ;         ;
+----------------------------------------+---------+


+------------------------------------------------------------------------------------------------------------------------------------------------------------------------------------------+
; Multiplexer Restructuring Statistics (Restructuring Performed)                                                                                                                           ;
+--------------------+-----------+---------------+----------------------+------------------------+------------+----------------------------------------------------------------------------+
; Multiplexer Inputs ; Bus Width ; Baseline Area ; Area if Restructured ; Saving if Restructured ; Registered ; Example Multiplexer Output                                                 ;
+--------------------+-----------+---------------+----------------------+------------------------+------------+----------------------------------------------------------------------------+
; 3:1                ; 5 bits    ; 10 LEs        ; 5 LEs                ; 5 LEs                  ; Yes        ; |teclado|pila:inst2|anterior[0]                                            ;
; 3:1                ; 16 bits   ; 32 LEs        ; 16 LEs               ; 16 LEs                 ; Yes        ; |teclado|stack:inst5|ram[99][7]                                            ;
; 3:1                ; 16 bits   ; 32 LEs        ; 16 LEs               ; 16 LEs                 ; Yes        ; |teclado|stack:inst5|ram[98][3]                                            ;
; 3:1                ; 16 bits   ; 32 LEs        ; 16 LEs               ; 16 LEs                 ; Yes        ; |teclado|stack:inst5|ram[97][10]                                           ;
; 3:1                ; 16 bits   ; 32 LEs        ; 16 LEs               ; 16 LEs                 ; Yes        ; |teclado|stack:inst5|ram[96][13]                                           ;
; 3:1                ; 16 bits   ; 32 LEs        ; 16 LEs               ; 16 LEs                 ; Yes        ; |teclado|stack:inst5|ram[95][5]                                            ;
; 3:1                ; 16 bits   ; 32 LEs        ; 16 LEs               ; 16 LEs                 ; Yes        ; |teclado|stack:inst5|ram[94][5]                                            ;
; 3:1                ; 16 bits   ; 32 LEs        ; 16 LEs               ; 16 LEs                 ; Yes        ; |teclado|stack:inst5|ram[93][0]                                            ;
; 3:1                ; 16 bits   ; 32 LEs        ; 16 LEs               ; 16 LEs                 ; Yes        ; |teclado|stack:inst5|ram[92][9]                                            ;
; 3:1                ; 16 bits   ; 32 LEs        ; 16 LEs               ; 16 LEs                 ; Yes        ; |teclado|stack:inst5|ram[91][15]                                           ;
; 3:1                ; 16 bits   ; 32 LEs        ; 16 LEs               ; 16 LEs                 ; Yes        ; |teclado|stack:inst5|ram[90][3]                                            ;
; 3:1                ; 16 bits   ; 32 LEs        ; 16 LEs               ; 16 LEs                 ; Yes        ; |teclado|stack:inst5|ram[89][8]                                            ;
; 3:1                ; 16 bits   ; 32 LEs        ; 16 LEs               ; 16 LEs                 ; Yes        ; |teclado|stack:inst5|ram[88][3]                                            ;
; 3:1                ; 16 bits   ; 32 LEs        ; 16 LEs               ; 16 LEs                 ; Yes        ; |teclado|stack:inst5|ram[87][2]                                            ;
; 3:1                ; 16 bits   ; 32 LEs        ; 16 LEs               ; 16 LEs                 ; Yes        ; |teclado|stack:inst5|ram[86][11]                                           ;
; 3:1                ; 16 bits   ; 32 LEs        ; 16 LEs               ; 16 LEs                 ; Yes        ; |teclado|stack:inst5|ram[85][2]                                            ;
; 3:1                ; 16 bits   ; 32 LEs        ; 16 LEs               ; 16 LEs                 ; Yes        ; |teclado|stack:inst5|ram[84][7]                                            ;
; 3:1                ; 16 bits   ; 32 LEs        ; 16 LEs               ; 16 LEs                 ; Yes        ; |teclado|stack:inst5|ram[83][6]                                            ;
; 3:1                ; 16 bits   ; 32 LEs        ; 16 LEs               ; 16 LEs                 ; Yes        ; |teclado|stack:inst5|ram[82][5]                                            ;
; 3:1                ; 16 bits   ; 32 LEs        ; 16 LEs               ; 16 LEs                 ; Yes        ; |teclado|stack:inst5|ram[81][9]                                            ;
; 3:1                ; 16 bits   ; 32 LEs        ; 16 LEs               ; 16 LEs                 ; Yes        ; |teclado|stack:inst5|ram[80][15]                                           ;
; 3:1                ; 16 bits   ; 32 LEs        ; 16 LEs               ; 16 LEs                 ; Yes        ; |teclado|stack:inst5|ram[79][8]                                            ;
; 3:1                ; 16 bits   ; 32 LEs        ; 16 LEs               ; 16 LEs                 ; Yes        ; |teclado|stack:inst5|ram[78][2]                                            ;
; 3:1                ; 16 bits   ; 32 LEs        ; 16 LEs               ; 16 LEs                 ; Yes        ; |teclado|stack:inst5|ram[77][10]                                           ;
; 3:1                ; 16 bits   ; 32 LEs        ; 16 LEs               ; 16 LEs                 ; Yes        ; |teclado|stack:inst5|ram[76][3]                                            ;
; 3:1                ; 16 bits   ; 32 LEs        ; 16 LEs               ; 16 LEs                 ; Yes        ; |teclado|stack:inst5|ram[75][15]                                           ;
; 3:1                ; 16 bits   ; 32 LEs        ; 16 LEs               ; 16 LEs                 ; Yes        ; |teclado|stack:inst5|ram[74][8]                                            ;
; 3:1                ; 16 bits   ; 32 LEs        ; 16 LEs               ; 16 LEs                 ; Yes        ; |teclado|stack:inst5|ram[73][5]                                            ;
; 3:1                ; 16 bits   ; 32 LEs        ; 16 LEs               ; 16 LEs                 ; Yes        ; |teclado|stack:inst5|ram[72][1]                                            ;
; 3:1                ; 16 bits   ; 32 LEs        ; 16 LEs               ; 16 LEs                 ; Yes        ; |teclado|stack:inst5|ram[71][6]                                            ;
; 3:1                ; 16 bits   ; 32 LEs        ; 16 LEs               ; 16 LEs                 ; Yes        ; |teclado|stack:inst5|ram[70][15]                                           ;
; 3:1                ; 16 bits   ; 32 LEs        ; 16 LEs               ; 16 LEs                 ; Yes        ; |teclado|stack:inst5|ram[69][4]                                            ;
; 3:1                ; 16 bits   ; 32 LEs        ; 16 LEs               ; 16 LEs                 ; Yes        ; |teclado|stack:inst5|ram[68][10]                                           ;
; 3:1                ; 16 bits   ; 32 LEs        ; 16 LEs               ; 16 LEs                 ; Yes        ; |teclado|stack:inst5|ram[67][13]                                           ;
; 3:1                ; 16 bits   ; 32 LEs        ; 16 LEs               ; 16 LEs                 ; Yes        ; |teclado|stack:inst5|ram[66][8]                                            ;
; 3:1                ; 16 bits   ; 32 LEs        ; 16 LEs               ; 16 LEs                 ; Yes        ; |teclado|stack:inst5|ram[65][1]                                            ;
; 3:1                ; 16 bits   ; 32 LEs        ; 16 LEs               ; 16 LEs                 ; Yes        ; |teclado|stack:inst5|ram[64][11]                                           ;
; 3:1                ; 16 bits   ; 32 LEs        ; 16 LEs               ; 16 LEs                 ; Yes        ; |teclado|stack:inst5|ram[63][2]                                            ;
; 3:1                ; 16 bits   ; 32 LEs        ; 16 LEs               ; 16 LEs                 ; Yes        ; |teclado|stack:inst5|ram[62][9]                                            ;
; 3:1                ; 16 bits   ; 32 LEs        ; 16 LEs               ; 16 LEs                 ; Yes        ; |teclado|stack:inst5|ram[61][15]                                           ;
; 3:1                ; 16 bits   ; 32 LEs        ; 16 LEs               ; 16 LEs                 ; Yes        ; |teclado|stack:inst5|ram[60][3]                                            ;
; 3:1                ; 16 bits   ; 32 LEs        ; 16 LEs               ; 16 LEs                 ; Yes        ; |teclado|stack:inst5|ram[59][6]                                            ;
; 3:1                ; 16 bits   ; 32 LEs        ; 16 LEs               ; 16 LEs                 ; Yes        ; |teclado|stack:inst5|ram[58][14]                                           ;
; 3:1                ; 16 bits   ; 32 LEs        ; 16 LEs               ; 16 LEs                 ; Yes        ; |teclado|stack:inst5|ram[57][12]                                           ;
; 3:1                ; 16 bits   ; 32 LEs        ; 16 LEs               ; 16 LEs                 ; Yes        ; |teclado|stack:inst5|ram[56][14]                                           ;
; 3:1                ; 16 bits   ; 32 LEs        ; 16 LEs               ; 16 LEs                 ; Yes        ; |teclado|stack:inst5|ram[55][14]                                           ;
; 3:1                ; 16 bits   ; 32 LEs        ; 16 LEs               ; 16 LEs                 ; Yes        ; |teclado|stack:inst5|ram[54][3]                                            ;
; 3:1                ; 16 bits   ; 32 LEs        ; 16 LEs               ; 16 LEs                 ; Yes        ; |teclado|stack:inst5|ram[53][5]                                            ;
; 3:1                ; 16 bits   ; 32 LEs        ; 16 LEs               ; 16 LEs                 ; Yes        ; |teclado|stack:inst5|ram[52][2]                                            ;
; 3:1                ; 16 bits   ; 32 LEs        ; 16 LEs               ; 16 LEs                 ; Yes        ; |teclado|stack:inst5|ram[51][2]                                            ;
; 3:1                ; 16 bits   ; 32 LEs        ; 16 LEs               ; 16 LEs                 ; Yes        ; |teclado|stack:inst5|ram[50][2]                                            ;
; 3:1                ; 16 bits   ; 32 LEs        ; 16 LEs               ; 16 LEs                 ; Yes        ; |teclado|stack:inst5|ram[49][0]                                            ;
; 3:1                ; 16 bits   ; 32 LEs        ; 16 LEs               ; 16 LEs                 ; Yes        ; |teclado|stack:inst5|ram[48][7]                                            ;
; 3:1                ; 16 bits   ; 32 LEs        ; 16 LEs               ; 16 LEs                 ; Yes        ; |teclado|stack:inst5|ram[47][3]                                            ;
; 3:1                ; 16 bits   ; 32 LEs        ; 16 LEs               ; 16 LEs                 ; Yes        ; |teclado|stack:inst5|ram[46][1]                                            ;
; 3:1                ; 16 bits   ; 32 LEs        ; 16 LEs               ; 16 LEs                 ; Yes        ; |teclado|stack:inst5|ram[45][7]                                            ;
; 3:1                ; 16 bits   ; 32 LEs        ; 16 LEs               ; 16 LEs                 ; Yes        ; |teclado|stack:inst5|ram[44][14]                                           ;
; 3:1                ; 16 bits   ; 32 LEs        ; 16 LEs               ; 16 LEs                 ; Yes        ; |teclado|stack:inst5|ram[43][0]                                            ;
; 3:1                ; 16 bits   ; 32 LEs        ; 16 LEs               ; 16 LEs                 ; Yes        ; |teclado|stack:inst5|ram[42][2]                                            ;
; 3:1                ; 16 bits   ; 32 LEs        ; 16 LEs               ; 16 LEs                 ; Yes        ; |teclado|stack:inst5|ram[41][13]                                           ;
; 3:1                ; 16 bits   ; 32 LEs        ; 16 LEs               ; 16 LEs                 ; Yes        ; |teclado|stack:inst5|ram[40][12]                                           ;
; 3:1                ; 16 bits   ; 32 LEs        ; 16 LEs               ; 16 LEs                 ; Yes        ; |teclado|stack:inst5|ram[39][13]                                           ;
; 3:1                ; 16 bits   ; 32 LEs        ; 16 LEs               ; 16 LEs                 ; Yes        ; |teclado|stack:inst5|ram[38][0]                                            ;
; 3:1                ; 16 bits   ; 32 LEs        ; 16 LEs               ; 16 LEs                 ; Yes        ; |teclado|stack:inst5|ram[37][6]                                            ;
; 3:1                ; 16 bits   ; 32 LEs        ; 16 LEs               ; 16 LEs                 ; Yes        ; |teclado|stack:inst5|ram[36][8]                                            ;
; 3:1                ; 16 bits   ; 32 LEs        ; 16 LEs               ; 16 LEs                 ; Yes        ; |teclado|stack:inst5|ram[35][6]                                            ;
; 3:1                ; 16 bits   ; 32 LEs        ; 16 LEs               ; 16 LEs                 ; Yes        ; |teclado|stack:inst5|ram[34][13]                                           ;
; 3:1                ; 16 bits   ; 32 LEs        ; 16 LEs               ; 16 LEs                 ; Yes        ; |teclado|stack:inst5|ram[33][8]                                            ;
; 3:1                ; 16 bits   ; 32 LEs        ; 16 LEs               ; 16 LEs                 ; Yes        ; |teclado|stack:inst5|ram[32][0]                                            ;
; 3:1                ; 16 bits   ; 32 LEs        ; 16 LEs               ; 16 LEs                 ; Yes        ; |teclado|stack:inst5|ram[31][13]                                           ;
; 3:1                ; 16 bits   ; 32 LEs        ; 16 LEs               ; 16 LEs                 ; Yes        ; |teclado|stack:inst5|ram[30][10]                                           ;
; 3:1                ; 16 bits   ; 32 LEs        ; 16 LEs               ; 16 LEs                 ; Yes        ; |teclado|stack:inst5|ram[29][1]                                            ;
; 3:1                ; 16 bits   ; 32 LEs        ; 16 LEs               ; 16 LEs                 ; Yes        ; |teclado|stack:inst5|ram[28][4]                                            ;
; 3:1                ; 16 bits   ; 32 LEs        ; 16 LEs               ; 16 LEs                 ; Yes        ; |teclado|stack:inst5|ram[27][14]                                           ;
; 3:1                ; 16 bits   ; 32 LEs        ; 16 LEs               ; 16 LEs                 ; Yes        ; |teclado|stack:inst5|ram[26][9]                                            ;
; 3:1                ; 16 bits   ; 32 LEs        ; 16 LEs               ; 16 LEs                 ; Yes        ; |teclado|stack:inst5|ram[25][0]                                            ;
; 3:1                ; 16 bits   ; 32 LEs        ; 16 LEs               ; 16 LEs                 ; Yes        ; |teclado|stack:inst5|ram[24][8]                                            ;
; 3:1                ; 16 bits   ; 32 LEs        ; 16 LEs               ; 16 LEs                 ; Yes        ; |teclado|stack:inst5|ram[23][5]                                            ;
; 3:1                ; 16 bits   ; 32 LEs        ; 16 LEs               ; 16 LEs                 ; Yes        ; |teclado|stack:inst5|ram[22][4]                                            ;
; 3:1                ; 16 bits   ; 32 LEs        ; 16 LEs               ; 16 LEs                 ; Yes        ; |teclado|stack:inst5|ram[21][13]                                           ;
; 3:1                ; 16 bits   ; 32 LEs        ; 16 LEs               ; 16 LEs                 ; Yes        ; |teclado|stack:inst5|ram[20][9]                                            ;
; 3:1                ; 16 bits   ; 32 LEs        ; 16 LEs               ; 16 LEs                 ; Yes        ; |teclado|stack:inst5|ram[19][2]                                            ;
; 3:1                ; 16 bits   ; 32 LEs        ; 16 LEs               ; 16 LEs                 ; Yes        ; |teclado|stack:inst5|ram[18][14]                                           ;
; 3:1                ; 16 bits   ; 32 LEs        ; 16 LEs               ; 16 LEs                 ; Yes        ; |teclado|stack:inst5|ram[17][1]                                            ;
; 3:1                ; 16 bits   ; 32 LEs        ; 16 LEs               ; 16 LEs                 ; Yes        ; |teclado|stack:inst5|ram[16][12]                                           ;
; 3:1                ; 16 bits   ; 32 LEs        ; 16 LEs               ; 16 LEs                 ; Yes        ; |teclado|stack:inst5|ram[15][9]                                            ;
; 3:1                ; 16 bits   ; 32 LEs        ; 16 LEs               ; 16 LEs                 ; Yes        ; |teclado|stack:inst5|ram[14][9]                                            ;
; 3:1                ; 16 bits   ; 32 LEs        ; 16 LEs               ; 16 LEs                 ; Yes        ; |teclado|stack:inst5|ram[13][1]                                            ;
; 3:1                ; 16 bits   ; 32 LEs        ; 16 LEs               ; 16 LEs                 ; Yes        ; |teclado|stack:inst5|ram[12][12]                                           ;
; 3:1                ; 16 bits   ; 32 LEs        ; 16 LEs               ; 16 LEs                 ; Yes        ; |teclado|stack:inst5|ram[11][15]                                           ;
; 3:1                ; 16 bits   ; 32 LEs        ; 16 LEs               ; 16 LEs                 ; Yes        ; |teclado|stack:inst5|ram[10][4]                                            ;
; 3:1                ; 16 bits   ; 32 LEs        ; 16 LEs               ; 16 LEs                 ; Yes        ; |teclado|stack:inst5|ram[9][7]                                             ;
; 3:1                ; 16 bits   ; 32 LEs        ; 16 LEs               ; 16 LEs                 ; Yes        ; |teclado|stack:inst5|ram[8][7]                                             ;
; 3:1                ; 16 bits   ; 32 LEs        ; 16 LEs               ; 16 LEs                 ; Yes        ; |teclado|stack:inst5|ram[7][1]                                             ;
; 3:1                ; 16 bits   ; 32 LEs        ; 16 LEs               ; 16 LEs                 ; Yes        ; |teclado|stack:inst5|ram[6][13]                                            ;
; 3:1                ; 16 bits   ; 32 LEs        ; 16 LEs               ; 16 LEs                 ; Yes        ; |teclado|stack:inst5|ram[5][15]                                            ;
; 3:1                ; 16 bits   ; 32 LEs        ; 16 LEs               ; 16 LEs                 ; Yes        ; |teclado|stack:inst5|ram[4][3]                                             ;
; 3:1                ; 16 bits   ; 32 LEs        ; 16 LEs               ; 16 LEs                 ; Yes        ; |teclado|stack:inst5|ram[3][0]                                             ;
; 3:1                ; 16 bits   ; 32 LEs        ; 16 LEs               ; 16 LEs                 ; Yes        ; |teclado|stack:inst5|ram[2][9]                                             ;
; 3:1                ; 16 bits   ; 32 LEs        ; 16 LEs               ; 16 LEs                 ; Yes        ; |teclado|stack:inst5|ram[1][5]                                             ;
; 3:1                ; 16 bits   ; 32 LEs        ; 16 LEs               ; 16 LEs                 ; Yes        ; |teclado|stack:inst5|ram[0][12]                                            ;
; 3:1                ; 3 bits    ; 6 LEs         ; 3 LEs                ; 3 LEs                  ; Yes        ; |teclado|stack:inst5|deb[1]                                                ;
; 3:1                ; 14 bits   ; 28 LEs        ; 14 LEs               ; 14 LEs                 ; Yes        ; |teclado|pila:inst2|deb[12]                                                ;
; 3:1                ; 19 bits   ; 38 LEs        ; 19 LEs               ; 19 LEs                 ; Yes        ; |teclado|pmod_keypad:inst|debounce:\row_debounce:0:debounce_keys|count[4]  ;
; 3:1                ; 19 bits   ; 38 LEs        ; 19 LEs               ; 19 LEs                 ; Yes        ; |teclado|pmod_keypad:inst|debounce:\row_debounce:1:debounce_keys|count[1]  ;
; 3:1                ; 19 bits   ; 38 LEs        ; 19 LEs               ; 19 LEs                 ; Yes        ; |teclado|pmod_keypad:inst|debounce:\row_debounce:2:debounce_keys|count[1]  ;
; 3:1                ; 19 bits   ; 38 LEs        ; 19 LEs               ; 19 LEs                 ; Yes        ; |teclado|pmod_keypad:inst|debounce:\row_debounce:3:debounce_keys|count[18] ;
; 3:1                ; 19 bits   ; 38 LEs        ; 19 LEs               ; 19 LEs                 ; Yes        ; |teclado|pmod_keypad:inst|debounce:\row_debounce:4:debounce_keys|count[8]  ;
; 3:1                ; 19 bits   ; 38 LEs        ; 19 LEs               ; 19 LEs                 ; Yes        ; |teclado|pmod_keypad:inst|debounce:\row_debounce:5:debounce_keys|count[18] ;
; 3:1                ; 19 bits   ; 38 LEs        ; 19 LEs               ; 19 LEs                 ; Yes        ; |teclado|pmod_keypad:inst|debounce:\row_debounce:6:debounce_keys|count[8]  ;
; 3:1                ; 19 bits   ; 38 LEs        ; 19 LEs               ; 19 LEs                 ; Yes        ; |teclado|pmod_keypad:inst|debounce:\row_debounce:7:debounce_keys|count[18] ;
; 3:1                ; 19 bits   ; 38 LEs        ; 19 LEs               ; 19 LEs                 ; Yes        ; |teclado|pmod_keypad:inst|debounce:\row_debounce:8:debounce_keys|count[0]  ;
; 3:1                ; 19 bits   ; 38 LEs        ; 19 LEs               ; 19 LEs                 ; Yes        ; |teclado|pmod_keypad:inst|debounce:\row_debounce:9:debounce_keys|count[18] ;
; 3:1                ; 19 bits   ; 38 LEs        ; 19 LEs               ; 19 LEs                 ; Yes        ; |teclado|pmod_keypad:inst|debounce:\row_debounce:10:debounce_keys|count[9] ;
; 3:1                ; 19 bits   ; 38 LEs        ; 19 LEs               ; 19 LEs                 ; Yes        ; |teclado|pmod_keypad:inst|debounce:\row_debounce:11:debounce_keys|count[8] ;
; 3:1                ; 19 bits   ; 38 LEs        ; 19 LEs               ; 19 LEs                 ; Yes        ; |teclado|pmod_keypad:inst|debounce:\row_debounce:12:debounce_keys|count[8] ;
; 3:1                ; 19 bits   ; 38 LEs        ; 19 LEs               ; 19 LEs                 ; Yes        ; |teclado|pmod_keypad:inst|debounce:\row_debounce:13:debounce_keys|count[5] ;
; 3:1                ; 19 bits   ; 38 LEs        ; 19 LEs               ; 19 LEs                 ; Yes        ; |teclado|pmod_keypad:inst|debounce:\row_debounce:14:debounce_keys|count[3] ;
; 3:1                ; 19 bits   ; 38 LEs        ; 19 LEs               ; 19 LEs                 ; Yes        ; |teclado|pmod_keypad:inst|debounce:\row_debounce:15:debounce_keys|count[2] ;
; 3:1                ; 26 bits   ; 52 LEs        ; 26 LEs               ; 26 LEs                 ; Yes        ; |teclado|pila:inst2|tot[18]                                                ;
; 3:1                ; 16 bits   ; 32 LEs        ; 16 LEs               ; 16 LEs                 ; Yes        ; |teclado|pmod_keypad:inst|keys_stored[0]                                   ;
; 4:1                ; 4 bits    ; 8 LEs         ; 4 LEs                ; 4 LEs                  ; Yes        ; |teclado|pila:inst2|aux[11]                                                ;
; 4:1                ; 4 bits    ; 8 LEs         ; 4 LEs                ; 4 LEs                  ; Yes        ; |teclado|pila:inst2|aux[6]                                                 ;
; 4:1                ; 4 bits    ; 8 LEs         ; 4 LEs                ; 4 LEs                  ; Yes        ; |teclado|pila:inst2|aux[2]                                                 ;
; 4:1                ; 4 bits    ; 8 LEs         ; 4 LEs                ; 4 LEs                  ; Yes        ; |teclado|pila:inst2|aux[14]                                                ;
; 9:1                ; 4 bits    ; 24 LEs        ; 4 LEs                ; 20 LEs                 ; Yes        ; |teclado|pmod_keypad:inst|keys_int[10]                                     ;
; 5:1                ; 11 bits   ; 33 LEs        ; 11 LEs               ; 22 LEs                 ; Yes        ; |teclado|stack:inst5|tot[4]                                                ;
; 10:1               ; 4 bits    ; 24 LEs        ; 4 LEs                ; 20 LEs                 ; Yes        ; |teclado|pmod_keypad:inst|keys_int[0]                                      ;
; 10:1               ; 4 bits    ; 24 LEs        ; 4 LEs                ; 20 LEs                 ; Yes        ; |teclado|pmod_keypad:inst|keys_int[2]                                      ;
; 10:1               ; 4 bits    ; 24 LEs        ; 4 LEs                ; 20 LEs                 ; Yes        ; |teclado|pmod_keypad:inst|keys_int[3]                                      ;
; 10:1               ; 2 bits    ; 12 LEs        ; 8 LEs                ; 4 LEs                  ; Yes        ; |teclado|pila:inst2|cont[0]                                                ;
; 8:1                ; 4 bits    ; 20 LEs        ; 20 LEs               ; 0 LEs                  ; Yes        ; |teclado|display:inst1|tmp[2]                                              ;
; 100:1              ; 16 bits   ; 1056 LEs      ; 1056 LEs             ; 0 LEs                  ; Yes        ; |teclado|stack:inst5|sal_ins[9]                                            ;
+--------------------+-----------+---------------+----------------------+------------------------+------------+----------------------------------------------------------------------------+


+---------------------------------------------------------------+
; Parameter Settings for User Entity Instance: pmod_keypad:inst ;
+----------------+----------+-----------------------------------+
; Parameter Name ; Value    ; Type                              ;
+----------------+----------+-----------------------------------+
; clk_freq       ; 50000000 ; Signed Integer                    ;
; stable_time    ; 10       ; Signed Integer                    ;
+----------------+----------+-----------------------------------+
Note: In order to hide this table in the UI and the text report file, please set the "Show Parameter Settings in Synthesis Report" option in "Analysis and Synthesis Settings -> More Settings" to "Off".


+------------------------------------------------------------------------------------------------------+
; Parameter Settings for User Entity Instance: pmod_keypad:inst|debounce:\row_debounce:0:debounce_keys ;
+----------------+----------+--------------------------------------------------------------------------+
; Parameter Name ; Value    ; Type                                                                     ;
+----------------+----------+--------------------------------------------------------------------------+
; clk_freq       ; 50000000 ; Signed Integer                                                           ;
; stable_time    ; 10       ; Signed Integer                                                           ;
+----------------+----------+--------------------------------------------------------------------------+
Note: In order to hide this table in the UI and the text report file, please set the "Show Parameter Settings in Synthesis Report" option in "Analysis and Synthesis Settings -> More Settings" to "Off".


+------------------------------------------------------------------------------------------------------+
; Parameter Settings for User Entity Instance: pmod_keypad:inst|debounce:\row_debounce:1:debounce_keys ;
+----------------+----------+--------------------------------------------------------------------------+
; Parameter Name ; Value    ; Type                                                                     ;
+----------------+----------+--------------------------------------------------------------------------+
; clk_freq       ; 50000000 ; Signed Integer                                                           ;
; stable_time    ; 10       ; Signed Integer                                                           ;
+----------------+----------+--------------------------------------------------------------------------+
Note: In order to hide this table in the UI and the text report file, please set the "Show Parameter Settings in Synthesis Report" option in "Analysis and Synthesis Settings -> More Settings" to "Off".


+------------------------------------------------------------------------------------------------------+
; Parameter Settings for User Entity Instance: pmod_keypad:inst|debounce:\row_debounce:2:debounce_keys ;
+----------------+----------+--------------------------------------------------------------------------+
; Parameter Name ; Value    ; Type                                                                     ;
+----------------+----------+--------------------------------------------------------------------------+
; clk_freq       ; 50000000 ; Signed Integer                                                           ;
; stable_time    ; 10       ; Signed Integer                                                           ;
+----------------+----------+--------------------------------------------------------------------------+
Note: In order to hide this table in the UI and the text report file, please set the "Show Parameter Settings in Synthesis Report" option in "Analysis and Synthesis Settings -> More Settings" to "Off".


+------------------------------------------------------------------------------------------------------+
; Parameter Settings for User Entity Instance: pmod_keypad:inst|debounce:\row_debounce:3:debounce_keys ;
+----------------+----------+--------------------------------------------------------------------------+
; Parameter Name ; Value    ; Type                                                                     ;
+----------------+----------+--------------------------------------------------------------------------+
; clk_freq       ; 50000000 ; Signed Integer                                                           ;
; stable_time    ; 10       ; Signed Integer                                                           ;
+----------------+----------+--------------------------------------------------------------------------+
Note: In order to hide this table in the UI and the text report file, please set the "Show Parameter Settings in Synthesis Report" option in "Analysis and Synthesis Settings -> More Settings" to "Off".


+------------------------------------------------------------------------------------------------------+
; Parameter Settings for User Entity Instance: pmod_keypad:inst|debounce:\row_debounce:4:debounce_keys ;
+----------------+----------+--------------------------------------------------------------------------+
; Parameter Name ; Value    ; Type                                                                     ;
+----------------+----------+--------------------------------------------------------------------------+
; clk_freq       ; 50000000 ; Signed Integer                                                           ;
; stable_time    ; 10       ; Signed Integer                                                           ;
+----------------+----------+--------------------------------------------------------------------------+
Note: In order to hide this table in the UI and the text report file, please set the "Show Parameter Settings in Synthesis Report" option in "Analysis and Synthesis Settings -> More Settings" to "Off".


+------------------------------------------------------------------------------------------------------+
; Parameter Settings for User Entity Instance: pmod_keypad:inst|debounce:\row_debounce:5:debounce_keys ;
+----------------+----------+--------------------------------------------------------------------------+
; Parameter Name ; Value    ; Type                                                                     ;
+----------------+----------+--------------------------------------------------------------------------+
; clk_freq       ; 50000000 ; Signed Integer                                                           ;
; stable_time    ; 10       ; Signed Integer                                                           ;
+----------------+----------+--------------------------------------------------------------------------+
Note: In order to hide this table in the UI and the text report file, please set the "Show Parameter Settings in Synthesis Report" option in "Analysis and Synthesis Settings -> More Settings" to "Off".


+------------------------------------------------------------------------------------------------------+
; Parameter Settings for User Entity Instance: pmod_keypad:inst|debounce:\row_debounce:6:debounce_keys ;
+----------------+----------+--------------------------------------------------------------------------+
; Parameter Name ; Value    ; Type                                                                     ;
+----------------+----------+--------------------------------------------------------------------------+
; clk_freq       ; 50000000 ; Signed Integer                                                           ;
; stable_time    ; 10       ; Signed Integer                                                           ;
+----------------+----------+--------------------------------------------------------------------------+
Note: In order to hide this table in the UI and the text report file, please set the "Show Parameter Settings in Synthesis Report" option in "Analysis and Synthesis Settings -> More Settings" to "Off".


+------------------------------------------------------------------------------------------------------+
; Parameter Settings for User Entity Instance: pmod_keypad:inst|debounce:\row_debounce:7:debounce_keys ;
+----------------+----------+--------------------------------------------------------------------------+
; Parameter Name ; Value    ; Type                                                                     ;
+----------------+----------+--------------------------------------------------------------------------+
; clk_freq       ; 50000000 ; Signed Integer                                                           ;
; stable_time    ; 10       ; Signed Integer                                                           ;
+----------------+----------+--------------------------------------------------------------------------+
Note: In order to hide this table in the UI and the text report file, please set the "Show Parameter Settings in Synthesis Report" option in "Analysis and Synthesis Settings -> More Settings" to "Off".


+------------------------------------------------------------------------------------------------------+
; Parameter Settings for User Entity Instance: pmod_keypad:inst|debounce:\row_debounce:8:debounce_keys ;
+----------------+----------+--------------------------------------------------------------------------+
; Parameter Name ; Value    ; Type                                                                     ;
+----------------+----------+--------------------------------------------------------------------------+
; clk_freq       ; 50000000 ; Signed Integer                                                           ;
; stable_time    ; 10       ; Signed Integer                                                           ;
+----------------+----------+--------------------------------------------------------------------------+
Note: In order to hide this table in the UI and the text report file, please set the "Show Parameter Settings in Synthesis Report" option in "Analysis and Synthesis Settings -> More Settings" to "Off".


+------------------------------------------------------------------------------------------------------+
; Parameter Settings for User Entity Instance: pmod_keypad:inst|debounce:\row_debounce:9:debounce_keys ;
+----------------+----------+--------------------------------------------------------------------------+
; Parameter Name ; Value    ; Type                                                                     ;
+----------------+----------+--------------------------------------------------------------------------+
; clk_freq       ; 50000000 ; Signed Integer                                                           ;
; stable_time    ; 10       ; Signed Integer                                                           ;
+----------------+----------+--------------------------------------------------------------------------+
Note: In order to hide this table in the UI and the text report file, please set the "Show Parameter Settings in Synthesis Report" option in "Analysis and Synthesis Settings -> More Settings" to "Off".


+-------------------------------------------------------------------------------------------------------+
; Parameter Settings for User Entity Instance: pmod_keypad:inst|debounce:\row_debounce:10:debounce_keys ;
+----------------+----------+---------------------------------------------------------------------------+
; Parameter Name ; Value    ; Type                                                                      ;
+----------------+----------+---------------------------------------------------------------------------+
; clk_freq       ; 50000000 ; Signed Integer                                                            ;
; stable_time    ; 10       ; Signed Integer                                                            ;
+----------------+----------+---------------------------------------------------------------------------+
Note: In order to hide this table in the UI and the text report file, please set the "Show Parameter Settings in Synthesis Report" option in "Analysis and Synthesis Settings -> More Settings" to "Off".


+-------------------------------------------------------------------------------------------------------+
; Parameter Settings for User Entity Instance: pmod_keypad:inst|debounce:\row_debounce:11:debounce_keys ;
+----------------+----------+---------------------------------------------------------------------------+
; Parameter Name ; Value    ; Type                                                                      ;
+----------------+----------+---------------------------------------------------------------------------+
; clk_freq       ; 50000000 ; Signed Integer                                                            ;
; stable_time    ; 10       ; Signed Integer                                                            ;
+----------------+----------+---------------------------------------------------------------------------+
Note: In order to hide this table in the UI and the text report file, please set the "Show Parameter Settings in Synthesis Report" option in "Analysis and Synthesis Settings -> More Settings" to "Off".


+-------------------------------------------------------------------------------------------------------+
; Parameter Settings for User Entity Instance: pmod_keypad:inst|debounce:\row_debounce:12:debounce_keys ;
+----------------+----------+---------------------------------------------------------------------------+
; Parameter Name ; Value    ; Type                                                                      ;
+----------------+----------+---------------------------------------------------------------------------+
; clk_freq       ; 50000000 ; Signed Integer                                                            ;
; stable_time    ; 10       ; Signed Integer                                                            ;
+----------------+----------+---------------------------------------------------------------------------+
Note: In order to hide this table in the UI and the text report file, please set the "Show Parameter Settings in Synthesis Report" option in "Analysis and Synthesis Settings -> More Settings" to "Off".


+-------------------------------------------------------------------------------------------------------+
; Parameter Settings for User Entity Instance: pmod_keypad:inst|debounce:\row_debounce:13:debounce_keys ;
+----------------+----------+---------------------------------------------------------------------------+
; Parameter Name ; Value    ; Type                                                                      ;
+----------------+----------+---------------------------------------------------------------------------+
; clk_freq       ; 50000000 ; Signed Integer                                                            ;
; stable_time    ; 10       ; Signed Integer                                                            ;
+----------------+----------+---------------------------------------------------------------------------+
Note: In order to hide this table in the UI and the text report file, please set the "Show Parameter Settings in Synthesis Report" option in "Analysis and Synthesis Settings -> More Settings" to "Off".


+-------------------------------------------------------------------------------------------------------+
; Parameter Settings for User Entity Instance: pmod_keypad:inst|debounce:\row_debounce:14:debounce_keys ;
+----------------+----------+---------------------------------------------------------------------------+
; Parameter Name ; Value    ; Type                                                                      ;
+----------------+----------+---------------------------------------------------------------------------+
; clk_freq       ; 50000000 ; Signed Integer                                                            ;
; stable_time    ; 10       ; Signed Integer                                                            ;
+----------------+----------+---------------------------------------------------------------------------+
Note: In order to hide this table in the UI and the text report file, please set the "Show Parameter Settings in Synthesis Report" option in "Analysis and Synthesis Settings -> More Settings" to "Off".


+-------------------------------------------------------------------------------------------------------+
; Parameter Settings for User Entity Instance: pmod_keypad:inst|debounce:\row_debounce:15:debounce_keys ;
+----------------+----------+---------------------------------------------------------------------------+
; Parameter Name ; Value    ; Type                                                                      ;
+----------------+----------+---------------------------------------------------------------------------+
; clk_freq       ; 50000000 ; Signed Integer                                                            ;
; stable_time    ; 10       ; Signed Integer                                                            ;
+----------------+----------+---------------------------------------------------------------------------+
Note: In order to hide this table in the UI and the text report file, please set the "Show Parameter Settings in Synthesis Report" option in "Analysis and Synthesis Settings -> More Settings" to "Off".


+-----------------------------------------------------+
; Post-Synthesis Netlist Statistics for Top Partition ;
+-----------------------+-----------------------------+
; Type                  ; Count                       ;
+-----------------------+-----------------------------+
; boundary_port         ; 24                          ;
; cycloneiii_ff         ; 2161                        ;
;     CLR               ; 91                          ;
;     ENA               ; 1665                        ;
;     ENA CLR           ; 20                          ;
;     ENA SCLR          ; 329                         ;
;     plain             ; 56                          ;
; cycloneiii_lcell_comb ; 3719                        ;
;     arith             ; 395                         ;
;         2 data inputs ; 371                         ;
;         3 data inputs ; 24                          ;
;     normal            ; 3324                        ;
;         0 data inputs ; 3                           ;
;         1 data inputs ; 29                          ;
;         2 data inputs ; 175                         ;
;         3 data inputs ; 695                         ;
;         4 data inputs ; 2422                        ;
;                       ;                             ;
; Max LUT depth         ; 9.00                        ;
; Average LUT depth     ; 4.09                        ;
+-----------------------+-----------------------------+


+-------------------------------+
; Elapsed Time Per Partition    ;
+----------------+--------------+
; Partition Name ; Elapsed Time ;
+----------------+--------------+
; Top            ; 00:00:12     ;
+----------------+--------------+


+-------------------------------+
; Analysis & Synthesis Messages ;
+-------------------------------+
Info: *******************************************************************
Info: Running Quartus Prime Analysis & Synthesis
    Info: Version 21.1.1 Build 850 06/23/2022 SJ Lite Edition
    Info: Processing started: Mon Dec 19 20:47:30 2022
Info: Command: quartus_map --read_settings_files=on --write_settings_files=off teclado -c teclado
Info (20030): Parallel compilation is enabled and will use 4 of the 4 processors detected
Info (12021): Found 2 design units, including 1 entities, in source file divisor.vhd
    Info (12022): Found design unit 1: frecuencia_5Hz-Contador File: /home/angel/Documentos/ESCOM/5to/Arqui/ArquitecturaComputadoras/teclado/divisor.vhd Line: 13
    Info (12023): Found entity 1: frecuencia_5Hz File: /home/angel/Documentos/ESCOM/5to/Arqui/ArquitecturaComputadoras/teclado/divisor.vhd Line: 4
Info (12021): Found 2 design units, including 1 entities, in source file display.vhd
    Info (12022): Found design unit 1: display-bhr File: /home/angel/Documentos/ESCOM/5to/Arqui/ArquitecturaComputadoras/teclado/display.vhd Line: 15
    Info (12023): Found entity 1: display File: /home/angel/Documentos/ESCOM/5to/Arqui/ArquitecturaComputadoras/teclado/display.vhd Line: 6
Info (12021): Found 2 design units, including 1 entities, in source file pmod_keypad.vhd
    Info (12022): Found design unit 1: pmod_keypad-logic File: /home/angel/Documentos/ESCOM/5to/Arqui/ArquitecturaComputadoras/teclado/pmod_keypad.vhd Line: 39
    Info (12023): Found entity 1: pmod_keypad File: /home/angel/Documentos/ESCOM/5to/Arqui/ArquitecturaComputadoras/teclado/pmod_keypad.vhd Line: 26
Info (12021): Found 2 design units, including 1 entities, in source file debounce.vhd
    Info (12022): Found design unit 1: debounce-logic File: /home/angel/Documentos/ESCOM/5to/Arqui/ArquitecturaComputadoras/teclado/debounce.vhd Line: 40
    Info (12023): Found entity 1: debounce File: /home/angel/Documentos/ESCOM/5to/Arqui/ArquitecturaComputadoras/teclado/debounce.vhd Line: 29
Info (12021): Found 1 design units, including 1 entities, in source file teclado.bdf
    Info (12023): Found entity 1: teclado
Info (12021): Found 2 design units, including 1 entities, in source file pila.vhd
    Info (12022): Found design unit 1: pila-bhr File: /home/angel/Documentos/ESCOM/5to/Arqui/ArquitecturaComputadoras/teclado/pila.vhd Line: 14
    Info (12023): Found entity 1: pila File: /home/angel/Documentos/ESCOM/5to/Arqui/ArquitecturaComputadoras/teclado/pila.vhd Line: 6
Info (12021): Found 2 design units, including 1 entities, in source file stack.vhd
    Info (12022): Found design unit 1: stack-bhr File: /home/angel/Documentos/ESCOM/5to/Arqui/ArquitecturaComputadoras/teclado/stack.vhd Line: 18
    Info (12023): Found entity 1: stack File: /home/angel/Documentos/ESCOM/5to/Arqui/ArquitecturaComputadoras/teclado/stack.vhd Line: 7
Info (12021): Found 2 design units, including 1 entities, in source file join.vhd
    Info (12022): Found design unit 1: join-bhr File: /home/angel/Documentos/ESCOM/5to/Arqui/ArquitecturaComputadoras/teclado/join.vhd Line: 15
    Info (12023): Found entity 1: join File: /home/angel/Documentos/ESCOM/5to/Arqui/ArquitecturaComputadoras/teclado/join.vhd Line: 5
Info (12127): Elaborating entity "teclado" for the top level hierarchy
Info (12128): Elaborating entity "display" for hierarchy "display:inst1"
Info (12128): Elaborating entity "frecuencia_5Hz" for hierarchy "frecuencia_5Hz:inst4"
Info (12128): Elaborating entity "join" for hierarchy "join:inst3"
Info (12128): Elaborating entity "stack" for hierarchy "stack:inst5"
Info (12128): Elaborating entity "pila" for hierarchy "pila:inst2"
Info (12128): Elaborating entity "pmod_keypad" for hierarchy "pmod_keypad:inst"
Info (12128): Elaborating entity "debounce" for hierarchy "pmod_keypad:inst|debounce:\row_debounce:0:debounce_keys" File: /home/angel/Documentos/ESCOM/5to/Arqui/ArquitecturaComputadoras/teclado/pmod_keypad.vhd Line: 265
Info (13000): Registers with preset signals will power-up high File: /home/angel/Documentos/ESCOM/5to/Arqui/ArquitecturaComputadoras/teclado/pmod_keypad.vhd Line: 72
Info (13003): DEV_CLRn pin will set, and not reset, register with preset signal due to NOT Gate Push-Back
Info (286030): Timing-Driven Synthesis is running
Info (16010): Generating hard_block partition "hard_block:auto_generated_inst"
    Info (16011): Adding 0 node(s), including 0 DDIO, 0 PLL, 0 transceiver and 0 LCELL
Info (21057): Implemented 3794 device resources after synthesis - the final resource count might be different
    Info (21058): Implemented 9 input pins
    Info (21059): Implemented 15 output pins
    Info (21061): Implemented 3770 logic cells
Info: Quartus Prime Analysis & Synthesis was successful. 0 errors, 0 warnings
    Info: Peak virtual memory: 462 megabytes
    Info: Processing ended: Mon Dec 19 20:47:57 2022
    Info: Elapsed time: 00:00:27
    Info: Total CPU time (on all processors): 00:00:50


